[20:02:27.745] Creating new model manager instance
[20:02:27.746] Loading CLIP model on cuda...
[20:02:27.746] Starting to load CLIP model on cuda...
[20:02:27.747] CUDA device count: 1
[20:02:27.747] Current CUDA device: 0
[20:02:27.747] Loading CLIP model with device=cuda...
[20:02:31.275] Model is loaded on: cuda:0
[20:02:31.275] CLIP model loaded in 3.53 seconds on cuda
[20:02:31.276] CLIP model loaded in 3.53 seconds
[20:02:31.276] Loading BLIP model on cuda...
[20:02:31.276] Starting to load BLIP model on cuda...
[20:02:31.276] Loading BLIP processor from Salesforce/blip-image-captioning-large...
[20:02:32.019] Loading BLIP model from Salesforce/blip-image-captioning-large...
[20:02:32.020] CUDA device count: 1
[20:02:32.021] Current CUDA device: 0
[20:02:33.646] BLIP model is loaded on: cuda:0
[20:02:33.646] BLIP model loaded successfully on cuda
[20:02:33.647] BLIP model loaded in 2.37 seconds
[20:02:33.648] [After model manager initialization] CUDA Memory - Allocated: 0.00 MB, Reserved: 0.00 MB, Peak: 0.00 MB
[20:02:33.648] Creating new database manager instance
[20:02:33.649] [Before rendering UI] CUDA Memory - Allocated: 0.00 MB, Reserved: 0.00 MB, Peak: 0.00 MB
[20:02:33.673] [After rendering UI] CUDA Memory - Allocated: 0.00 MB, Reserved: 0.00 MB, Peak: 0.00 MB
[20:02:47.734] Using existing model manager from session state
[20:02:47.735] [After model manager initialization] CUDA Memory - Allocated: 0.00 MB, Reserved: 0.00 MB, Peak: 0.00 MB
[20:02:47.736] Using existing database manager from session state
[20:02:47.736] [Before rendering UI] CUDA Memory - Allocated: 0.00 MB, Reserved: 0.00 MB, Peak: 0.00 MB
[20:02:47.741] [After rendering UI] CUDA Memory - Allocated: 0.00 MB, Reserved: 0.00 MB, Peak: 0.00 MB
[20:02:47.955] Using existing model manager from session state
[20:02:47.956] [After model manager initialization] CUDA Memory - Allocated: 0.00 MB, Reserved: 0.00 MB, Peak: 0.00 MB
[20:02:47.957] Using existing database manager from session state
[20:02:47.958] [Before rendering UI] CUDA Memory - Allocated: 0.00 MB, Reserved: 0.00 MB, Peak: 0.00 MB
[20:02:47.978] [After rendering UI] CUDA Memory - Allocated: 0.00 MB, Reserved: 0.00 MB, Peak: 0.00 MB
[20:05:50.109] Application shutting down, cleaning up resources...
[20:05:50.198] Final GPU memory state - Allocated: 0.00 MB, Reserved: 0.00 MB
[20:05:50.198] CUDA resources cleaned up successfully
[20:05:50.199] Application shutdown complete
[20:05:50.200] Application shutting down, cleaning up resources...
[20:05:50.284] Final GPU memory state - Allocated: 0.00 MB, Reserved: 0.00 MB
[20:05:50.284] CUDA resources cleaned up successfully
[20:05:50.284] Application shutdown complete
[20:05:50.284] Application shutting down, cleaning up resources...
[20:05:50.378] Final GPU memory state - Allocated: 0.00 MB, Reserved: 0.00 MB
[20:05:50.379] CUDA resources cleaned up successfully
[20:05:50.379] Application shutdown complete
