[20:00:51.501] Creating new model manager instance
[20:00:51.502] Loading CLIP model on cuda...
[20:00:51.502] Starting to load CLIP model on cuda...
[20:00:51.503] CUDA device count: 1
[20:00:51.503] Current CUDA device: 0
[20:00:51.503] Loading CLIP model with device=cuda...
[20:00:55.167] Model is loaded on: cuda:0
[20:00:55.167] CLIP model loaded in 3.66 seconds on cuda
[20:00:55.167] CLIP model loaded in 3.67 seconds
[20:00:55.167] Loading BLIP model on cuda...
[20:00:55.167] Starting to load BLIP model on cuda...
[20:00:55.167] Loading BLIP processor from Salesforce/blip-image-captioning-large...
[20:00:55.864] Loading BLIP model from Salesforce/blip-image-captioning-large...
[20:00:55.865] CUDA device count: 1
[20:00:55.865] Current CUDA device: 0
[20:00:59.549] BLIP model is loaded on: cuda:0
[20:00:59.549] BLIP model loaded successfully on cuda
[20:00:59.550] BLIP model loaded in 4.38 seconds
[20:00:59.551] [After model manager initialization] CUDA Memory - Allocated: 0.00 MB, Reserved: 0.00 MB, Peak: 0.00 MB
[20:00:59.551] Creating new database manager instance
[20:00:59.551] [Before rendering UI] CUDA Memory - Allocated: 0.00 MB, Reserved: 0.00 MB, Peak: 0.00 MB
[20:00:59.617] [After rendering UI] CUDA Memory - Allocated: 0.00 MB, Reserved: 0.00 MB, Peak: 0.00 MB
[20:01:22.594] Using existing model manager from session state
[20:01:22.596] [After model manager initialization] CUDA Memory - Allocated: 0.00 MB, Reserved: 0.00 MB, Peak: 0.00 MB
[20:01:22.596] Using existing database manager from session state
[20:01:22.597] [Before rendering UI] CUDA Memory - Allocated: 0.00 MB, Reserved: 0.00 MB, Peak: 0.00 MB
[20:01:22.605] [After rendering UI] CUDA Memory - Allocated: 0.00 MB, Reserved: 0.00 MB, Peak: 0.00 MB
[20:01:22.830] Using existing model manager from session state
[20:01:22.830] [After model manager initialization] CUDA Memory - Allocated: 0.00 MB, Reserved: 0.00 MB, Peak: 0.00 MB
[20:01:22.831] Using existing database manager from session state
[20:01:22.832] [Before rendering UI] CUDA Memory - Allocated: 0.00 MB, Reserved: 0.00 MB, Peak: 0.00 MB
[20:01:22.851] [After rendering UI] CUDA Memory - Allocated: 0.00 MB, Reserved: 0.00 MB, Peak: 0.00 MB
[20:01:31.253] Using existing model manager from session state
[20:01:31.254] [After model manager initialization] CUDA Memory - Allocated: 0.00 MB, Reserved: 0.00 MB, Peak: 0.00 MB
[20:01:31.255] Using existing database manager from session state
[20:01:31.256] [Before rendering UI] CUDA Memory - Allocated: 0.00 MB, Reserved: 0.00 MB, Peak: 0.00 MB
[20:01:31.266] [After rendering UI] CUDA Memory - Allocated: 0.00 MB, Reserved: 0.00 MB, Peak: 0.00 MB
[20:01:34.276] Using existing model manager from session state
[20:01:34.277] [After model manager initialization] CUDA Memory - Allocated: 0.00 MB, Reserved: 0.00 MB, Peak: 0.00 MB
[20:01:34.277] Using existing database manager from session state
[20:01:34.278] [Before rendering UI] CUDA Memory - Allocated: 0.00 MB, Reserved: 0.00 MB, Peak: 0.00 MB
[20:01:35.937] [After rendering UI] CUDA Memory - Allocated: 0.00 MB, Reserved: 0.00 MB, Peak: 0.00 MB
[20:01:41.749] Using existing model manager from session state
[20:01:41.750] [After model manager initialization] CUDA Memory - Allocated: 0.00 MB, Reserved: 0.00 MB, Peak: 0.00 MB
[20:01:41.751] Using existing database manager from session state
[20:01:41.751] [Before rendering UI] CUDA Memory - Allocated: 0.00 MB, Reserved: 0.00 MB, Peak: 0.00 MB
[20:01:41.757] [After rendering UI] CUDA Memory - Allocated: 0.00 MB, Reserved: 0.00 MB, Peak: 0.00 MB
