[10:39:25.591] Creating new model manager instance
[10:39:25.591] Loading CLIP model on cuda...
[10:39:25.591] Starting to load CLIP model on cuda...
[10:39:25.591] CUDA device count: 1
[10:39:25.591] Current CUDA device: 0
[10:39:25.591] Loading CLIP model with device=cuda...
[10:39:29.139] Model is loaded on: cuda:0
[10:39:29.139] CLIP model loaded in 3.55 seconds on cuda
[10:39:29.139] CLIP model loaded in 3.55 seconds
[10:39:29.139] Loading BLIP model on cuda...
[10:39:29.139] Starting to load BLIP model on cuda...
[10:39:29.139] Loading BLIP processor from Salesforce/blip-image-captioning-large...
[10:39:29.806] Loading BLIP model from Salesforce/blip-image-captioning-large...
[10:39:29.806] CUDA device count: 1
[10:39:29.806] Current CUDA device: 0
[10:39:31.945] BLIP model is loaded on: cuda:0
[10:39:31.945] BLIP model loaded successfully on cuda
[10:39:31.945] BLIP model loaded in 2.81 seconds
[10:39:31.945] [After model manager initialization] CUDA Memory - Allocated: 0.00 MB, Reserved: 0.00 MB, Peak: 0.00 MB
[10:39:31.945] Creating new database manager instance
[10:39:31.945] [Before rendering UI] CUDA Memory - Allocated: 0.00 MB, Reserved: 0.00 MB, Peak: 0.00 MB
[10:39:31.966] [After rendering UI] CUDA Memory - Allocated: 0.00 MB, Reserved: 0.00 MB, Peak: 0.00 MB
[10:39:41.747] Using existing model manager from session state
[10:39:41.747] [After model manager initialization] CUDA Memory - Allocated: 0.00 MB, Reserved: 0.00 MB, Peak: 0.00 MB
[10:39:41.747] Using existing database manager from session state
[10:39:41.747] [Before rendering UI] CUDA Memory - Allocated: 0.00 MB, Reserved: 0.00 MB, Peak: 0.00 MB
[10:39:41.753] [After rendering UI] CUDA Memory - Allocated: 0.00 MB, Reserved: 0.00 MB, Peak: 0.00 MB
[10:39:41.963] Using existing model manager from session state
[10:39:41.969] [After model manager initialization] CUDA Memory - Allocated: 0.00 MB, Reserved: 0.00 MB, Peak: 0.00 MB
[10:39:41.969] Using existing database manager from session state
[10:39:41.970] [Before rendering UI] CUDA Memory - Allocated: 0.00 MB, Reserved: 0.00 MB, Peak: 0.00 MB
[10:39:41.974] Scanning folder: C:\Users\aitor\OneDrive\Escritorio\Vector_Database_Lightroom\images
[10:39:41.977] Found 97 files with extension *.jpg
[10:39:41.979] Found 0 files with extension *.jpeg
[10:39:41.980] Found 0 files with extension *.png
[10:39:41.981] Found 0 files with extension *.bmp
[10:39:41.982] Found 0 files with extension *.gif
[10:39:41.983] Total unique images found: 97
[10:39:42.520] Image processed in 0.54 seconds
[10:39:42.527] Using BLIP model from session state
[10:39:43.650] Caption generated in 1.12 seconds: an image with tags : learning photography ; napoli ; pompeii ; self reflection ; street photography.
[10:39:43.975] Image processed in 0.32 seconds
[10:39:43.992] Using BLIP model from session state
[10:39:44.907] Caption generated in 0.92 seconds: an image with tags : rome ; self reflection ; street photography.
[10:39:45.165] Image processed in 0.25 seconds
[10:39:45.174] Using BLIP model from session state
[10:39:45.989] Caption generated in 0.82 seconds: an image with tags : rome ; self reflection ; street photography ; urban photo hunts.
[10:39:46.297] Image processed in 0.30 seconds
[10:39:46.314] Using BLIP model from session state
[10:39:47.230] Caption generated in 0.92 seconds: an image with tags : marseille ; self reflection ; street photography. reflection
[10:39:47.538] Image processed in 0.30 seconds
[10:39:47.554] Using BLIP model from session state
[10:39:48.437] Caption generated in 0.88 seconds: an image with tags : around dowtown ; rome ; self reflection ; street photography.
[10:39:48.595] Image processed in 0.15 seconds
[10:39:48.595] Using BLIP model from session state
[10:39:49.244] Caption generated in 0.65 seconds: an image with tags : memories ; museums ; self reflection ; street photography ; trento.
[10:39:49.402] Image processed in 0.16 seconds
[10:39:49.411] Using BLIP model from session state
[10:39:50.043] Caption generated in 0.63 seconds: an image with tags : accademia del gin ; food places ; memories ; self reflection ; trento.
[10:39:50.301] Image processed in 0.26 seconds
[10:39:50.311] Using BLIP model from session state
[10:39:51.126] Caption generated in 0.81 seconds: an image with tags : memories ; self reflection ; street photography ; trento.
[10:39:51.388] Image processed in 0.25 seconds
[10:39:51.403] Using BLIP model from session state
[10:39:52.226] Caption generated in 0.82 seconds: an image with tags : memories ; self reflection ; street photography ; trento.
[10:39:52.533] Image processed in 0.29 seconds
[10:39:52.533] Using BLIP model from session state
[10:39:53.402] Caption generated in 0.87 seconds: an image with tags : discovering italy ; self reflection ; street photography ; verona.
[10:39:53.706] Image processed in 0.30 seconds
[10:39:53.722] Using BLIP model from session state
[10:39:54.605] Caption generated in 0.88 seconds: an image with tags : memories ; moscow ; russia ; self reflection ; street photography ; with dasha.
[10:39:54.892] Image processed in 0.27 seconds
[10:39:54.905] Using BLIP model from session state
[10:39:55.737] Caption generated in 0.83 seconds: an image with tags : discovering rome ; rome ; self reflection ; street photography.
[10:39:56.028] Image processed in 0.28 seconds
[10:39:56.044] Using BLIP model from session state
[10:39:56.918] Caption generated in 0.87 seconds: an image with tags : concerts and spectacles ; memories ; russia ; self reflection ; siberia ; street photography ; with dasha.
[10:39:57.227] Image processed in 0.31 seconds
[10:39:57.227] Using BLIP model from session state
[10:40:03.248] Caption generated in 6.02 seconds: an image with tags : self reflection. selfie selfie selfie selfie selfie selfie selfie selfie selfie selfie selfie selfie selfie selfie selfie selfie selfie selfie selfie selfie selfie selfie selfie selfie selfie selfie selfie selfie selfie selfie selfie
[10:40:03.632] Image processed in 0.38 seconds
[10:40:03.645] Using BLIP model from session state
[10:40:04.670] Caption generated in 1.02 seconds: an image with tags : dad visit ; discovering italy ; napoli ; self reflection ; street photography ; with dad.
[10:40:04.947] Image processed in 0.27 seconds
[10:40:04.956] Using BLIP model from session state
[10:40:05.793] Caption generated in 0.84 seconds: an image with tags : self reflection ; with dasha.
[10:40:06.058] Image processed in 0.26 seconds
[10:40:06.074] Using BLIP model from session state
[10:40:10.725] Caption generated in 4.65 seconds: an image with tags : self reflection. selfie selfie selfie selfie selfie selfie selfie selfie selfie selfie selfie selfie selfie selfie selfie selfie selfie selfie selfie selfie selfie selfie selfie
[10:40:10.960] Image processed in 0.23 seconds
[10:40:10.976] Using BLIP model from session state
[10:40:11.865] Caption generated in 0.89 seconds: an image with tags : burano ; discovering italy ; end of lockdown ; scenes in street ; self reflection ; street photography ; venice ; with dasha.
[10:40:12.098] Image processed in 0.23 seconds
[10:40:12.106] Using BLIP model from session state
[10:40:12.891] Caption generated in 0.78 seconds: an image with tags : discovering italy ; end of lockdown ; self reflection ; street photography ; venice ; with dasha.
[10:40:13.173] Image processed in 0.27 seconds
[10:40:13.173] Using BLIP model from session state
[10:40:14.012] Caption generated in 0.84 seconds: an image with tags : around dowtown ; rome ; self reflection ; street photography.
[10:40:14.317] Image processed in 0.30 seconds
[10:40:14.327] Using BLIP model from session state
[10:40:15.195] Caption generated in 0.87 seconds: an image with tags : memories ; private ; rome ; self reflection.
[10:40:15.435] Image processed in 0.22 seconds
[10:40:15.442] Using BLIP model from session state
[10:40:16.236] Caption generated in 0.79 seconds: an image with tags : making mael ; memories ; milano ; street photography.
[10:40:16.450] Image processed in 0.21 seconds
[10:40:16.450] Using BLIP model from session state
[10:40:17.209] Caption generated in 0.76 seconds: an image with tags : self reflection ; strasbourg ; street photography.
[10:40:17.482] Image processed in 0.26 seconds
[10:40:17.491] Using BLIP model from session state
[10:40:23.424] Caption generated in 5.93 seconds: an image with tags : self reflection. selfie selfie selfie selfie selfie selfie selfie selfie selfie selfie selfie selfie selfie selfie selfie selfie selfie selfie selfie selfie selfie selfie selfie selfie selfie selfie selfie selfie selfie selfie selfie selfie selfie
[10:40:23.757] Image processed in 0.33 seconds
[10:40:23.766] Using BLIP model from session state
[10:40:24.873] Caption generated in 1.11 seconds: an image with tags : las vi con mi hijo ; self reflection ; strasbourg.
[10:40:25.172] Image processed in 0.30 seconds
[10:40:25.189] Using BLIP model from session state
[10:40:26.117] Caption generated in 0.93 seconds: an image with tags : las vi con mi hijo ; self reflection ; strasbourg ; street photography.
[10:40:26.400] Image processed in 0.27 seconds
[10:40:26.410] Using BLIP model from session state
[10:40:27.281] Caption generated in 0.87 seconds: an image with tags : las vi con mi hijo ; strasbourg ; street photography.
[10:40:27.581] Image processed in 0.29 seconds
[10:40:27.590] Using BLIP model from session state
[10:40:28.435] Caption generated in 0.84 seconds: an image with tags : eurotrip ; self reflection ; spain ; street photography.
[10:40:28.711] Image processed in 0.27 seconds
[10:40:28.727] Using BLIP model from session state
[10:40:29.596] Caption generated in 0.87 seconds: an image with tags : strasbourg ; street photography.
[10:40:29.885] Image processed in 0.28 seconds
[10:40:29.893] Using BLIP model from session state
[10:40:31.657] Caption generated in 1.76 seconds: an image with tags : self reflection. selfie of a man and a woman and a baby
[10:40:31.978] Image processed in 0.31 seconds
[10:40:31.978] Using BLIP model from session state
[10:40:33.106] Caption generated in 1.13 seconds: an image with tags : self reflection ; strasbourg. selfie
[10:40:33.396] Image processed in 0.27 seconds
[10:40:33.405] Using BLIP model from session state
[10:40:34.418] Caption generated in 1.01 seconds: an image with tags : un jour au parc. a baby
[10:40:34.677] Image processed in 0.26 seconds
[10:40:34.693] Using BLIP model from session state
[10:40:35.966] Caption generated in 1.27 seconds: an image with tags : caracas ; venezuela ; with dad.ly holding a baby
[10:40:36.282] Image processed in 0.31 seconds
[10:40:36.302] Using BLIP model from session state
[10:40:37.116] Caption generated in 0.81 seconds: an image with tags : home ; primeros dias ; self reflection.
[10:40:37.384] Image processed in 0.26 seconds
[10:40:37.394] Using BLIP model from session state
[10:40:38.305] Caption generated in 0.91 seconds: an image with tags : cocorote ; family ; venezuela. colombia
[10:40:38.597] Image processed in 0.29 seconds
[10:40:38.606] Using BLIP model from session state
[10:40:39.597] Caption generated in 0.99 seconds: an image with tags : cocorote ; family ; venezuela. colombia
[10:40:39.930] Image processed in 0.32 seconds
[10:40:39.944] Using BLIP model from session state
[10:40:41.563] Caption generated in 1.62 seconds: an image with tags : morrocoy ; venezuela. portuguese proved by a baby in a hat
[10:40:41.877] Image processed in 0.30 seconds
[10:40:41.886] Using BLIP model from session state
[10:40:48.413] Caption generated in 6.53 seconds: an image with tags : self reflection. selfie selfie selfie selfie selfie selfie selfie selfie selfie selfie selfie selfie selfie selfie selfie selfie selfie selfie selfie selfie selfie selfie selfie selfie selfie selfie selfie selfie selfie selfie selfie selfie selfie
[10:40:48.746] Image processed in 0.33 seconds
[10:40:48.762] Using BLIP model from session state
[10:40:55.075] Caption generated in 6.31 seconds: an image with tags : self reflection. selfie selfie selfie selfie selfie selfie selfie selfie selfie selfie selfie selfie selfie selfie selfie selfie selfie selfie selfie selfie selfie selfie selfie selfie selfie selfie selfie selfie selfie selfie selfie selfie selfie
[10:40:55.416] Image processed in 0.33 seconds
[10:40:55.432] Using BLIP model from session state
[10:41:01.485] Caption generated in 6.05 seconds: an image with tags : self reflection. selfie selfie selfie selfie selfie selfie selfie selfie selfie selfie selfie selfie selfie selfie selfie selfie selfie selfie selfie selfie selfie selfie selfie selfie selfie selfie selfie selfie
[10:41:01.808] Image processed in 0.32 seconds
[10:41:01.817] Using BLIP model from session state
[10:41:02.874] Caption generated in 1.06 seconds: an image with tags : home ; light and shadow.
[10:41:03.166] Image processed in 0.28 seconds
[10:41:03.189] Using BLIP model from session state
[10:41:04.093] Caption generated in 0.90 seconds: an image with tags : home ; light and shadow.
[10:41:04.407] Image processed in 0.31 seconds
[10:41:04.407] Using BLIP model from session state
[10:41:06.277] Caption generated in 1.85 seconds: there is a baby wearing a knitted hat and scarf
[10:41:06.559] Image processed in 0.27 seconds
[10:41:06.559] Using BLIP model from session state
[10:41:08.274] Caption generated in 1.72 seconds: there is a woman holding a baby under an umbrella
[10:41:08.616] Image processed in 0.33 seconds
[10:41:08.616] Using BLIP model from session state
[10:41:09.542] Caption generated in 0.93 seconds: an image with tags : home ; primeros dias ; self reflection.
[10:41:09.798] Image processed in 0.25 seconds
[10:41:09.818] Using BLIP model from session state
[10:41:11.481] Caption generated in 1.66 seconds: there is a man holding a baby in his arms
[10:41:11.781] Image processed in 0.28 seconds
[10:41:11.805] Using BLIP model from session state
[10:41:13.261] Caption generated in 1.45 seconds: an image with tags : home ; strasbourg.s a baby and a woman
[10:41:13.558] Image processed in 0.29 seconds
[10:41:13.570] Using BLIP model from session state
[10:41:14.447] Caption generated in 0.88 seconds: an image with tags : night photography ; strasbourg.
[10:41:14.751] Image processed in 0.30 seconds
[10:41:14.766] Using BLIP model from session state
[10:41:15.719] Caption generated in 0.95 seconds: an image with tags : mael. night photography ; portraits.s
[10:41:15.949] Image processed in 0.22 seconds
[10:41:15.949] Using BLIP model from session state
[10:41:17.295] Caption generated in 1.35 seconds: an image with tags : strasbourg. home. baby with messy paint on his face
[10:41:17.591] Image processed in 0.29 seconds
[10:41:17.609] Using BLIP model from session state
[10:41:18.483] Caption generated in 0.87 seconds: an image with tags : strasbourg ; un jour au parc.
[10:41:18.872] Image processed in 0.29 seconds
[10:41:18.890] Using BLIP model from session state
[10:41:19.786] Caption generated in 0.90 seconds: an image with tags : self reflection ; strasbourg. home.
[10:41:20.053] Image processed in 0.27 seconds
[10:41:20.053] Using BLIP model from session state
[10:41:21.296] Caption generated in 1.24 seconds: an image with tags : strasbourg. home. baby crawling on the floor
[10:41:21.598] Image processed in 0.29 seconds
[10:41:21.610] Using BLIP model from session state
[10:41:22.478] Caption generated in 0.87 seconds: an image with tags : home ; primeros dias.
[10:41:22.729] Image processed in 0.24 seconds
[10:41:22.745] Using BLIP model from session state
[10:41:23.844] Caption generated in 1.10 seconds: an image with tags : primeros dias.s a baby
[10:41:24.115] Image processed in 0.26 seconds
[10:41:24.115] Using BLIP model from session state
[10:41:30.153] Caption generated in 6.04 seconds: an image with tags : self reflection. selfie selfie selfie selfie selfie selfie selfie selfie selfie selfie selfie selfie selfie selfie selfie selfie selfie selfie selfie selfie selfie selfie selfie selfie selfie selfie selfie selfie selfie selfie selfie selfie selfie
[10:41:30.453] Image processed in 0.30 seconds
[10:41:30.463] Using BLIP model from session state
[10:41:31.653] Caption generated in 1.19 seconds: an image with tags : primeros dias ; strasbourg. and a photographer
[10:41:31.931] Image processed in 0.27 seconds
[10:41:31.934] Using BLIP model from session state
[10:41:32.817] Caption generated in 0.88 seconds: an image with tags : primeros dias ; strasbourg.s
[10:41:33.152] Image processed in 0.33 seconds
[10:41:33.152] Using BLIP model from session state
[10:41:34.205] Caption generated in 1.05 seconds: an image with tags : strasbourg ; street photography. street photography
[10:41:34.654] Image processed in 0.44 seconds
[10:41:34.671] Using BLIP model from session state
[10:41:36.529] Caption generated in 1.86 seconds: there is a man sitting in a chair holding a baby
[10:41:36.973] Image processed in 0.44 seconds
[10:41:36.973] Using BLIP model from session state
[10:41:39.359] Caption generated in 2.39 seconds: arafed baby being held by a man in a black and white photo
[10:41:39.825] Image processed in 0.47 seconds
[10:41:39.849] Using BLIP model from session state
[10:41:41.920] Caption generated in 2.07 seconds: someone is putting a baby ' s hand on a towel
[10:41:42.357] Image processed in 0.44 seconds
[10:41:42.375] Using BLIP model from session state
[10:41:44.401] Caption generated in 2.03 seconds: someone is holding a hand with a small finger on it
[10:41:44.776] Image processed in 0.37 seconds
[10:41:44.779] Using BLIP model from session state
[10:41:46.959] Caption generated in 2.18 seconds: arafed baby in a knitted hat is laying on a blanket
[10:41:47.396] Image processed in 0.44 seconds
[10:41:47.419] Using BLIP model from session state
[10:41:49.679] Caption generated in 2.26 seconds: there are two hands holding a baby ' s foot while another holds it
[10:41:50.132] Image processed in 0.45 seconds
[10:41:50.160] Using BLIP model from session state
[10:41:52.080] Caption generated in 1.92 seconds: someone holding a baby ' s foot with their hands
[10:41:52.478] Image processed in 0.40 seconds
[10:41:52.494] Using BLIP model from session state
[10:41:54.524] Caption generated in 2.03 seconds: there is a baby that is wearing a hat and a scarf
[10:41:54.882] Image processed in 0.36 seconds
[10:41:54.899] Using BLIP model from session state
[10:41:56.975] Caption generated in 2.08 seconds: arafed baby laying on a bed with his hand out
[10:41:57.342] Image processed in 0.35 seconds
[10:41:57.358] Using BLIP model from session state
[10:41:59.340] Caption generated in 1.98 seconds: there is a woman laying in a hospital bed with a blanket
[10:41:59.717] Image processed in 0.37 seconds
[10:41:59.740] Using BLIP model from session state
[10:42:01.666] Caption generated in 1.93 seconds: someone is holding a baby in their arms and touching it
[10:42:02.019] Image processed in 0.35 seconds
[10:42:02.035] Using BLIP model from session state
[10:42:04.274] Caption generated in 2.24 seconds: arafed baby laying on a man ' s chest with a hat on
[10:42:04.598] Image processed in 0.32 seconds
[10:42:04.614] Using BLIP model from session state
[10:42:06.772] Caption generated in 2.16 seconds: arafed woman holding a baby in her arms while laying on a bed
[10:42:07.158] Image processed in 0.39 seconds
[10:42:07.158] Using BLIP model from session state
[10:42:09.082] Caption generated in 1.92 seconds: pregnant woman laying in bed with her baby in her arms
[10:42:09.451] Image processed in 0.37 seconds
[10:42:09.466] Using BLIP model from session state
[10:42:11.322] Caption generated in 1.86 seconds: someone is feeding a baby with a bottle of milk
[10:42:11.699] Image processed in 0.38 seconds
[10:42:11.699] Using BLIP model from session state
[10:42:13.876] Caption generated in 2.18 seconds: a close up of a woman breasting a baby in a hospital bed
[10:42:14.269] Image processed in 0.39 seconds
[10:42:14.285] Using BLIP model from session state
[10:42:16.329] Caption generated in 2.04 seconds: pregnant woman laying in bed with breast in hand and breasting
[10:42:16.706] Image processed in 0.38 seconds
[10:42:16.725] Using BLIP model from session state
[10:42:18.741] Caption generated in 2.02 seconds: there is a baby that is laying down with a hat on
[10:42:19.108] Image processed in 0.37 seconds
[10:42:19.131] Using BLIP model from session state
[10:42:21.300] Caption generated in 2.17 seconds: arafed baby in a white hat is being held by a person
[10:42:21.670] Image processed in 0.37 seconds
[10:42:21.686] Using BLIP model from session state
[10:42:23.700] Caption generated in 2.01 seconds: arafed baby in a white hat laying on a bed
[10:42:24.076] Image processed in 0.38 seconds
[10:42:24.106] Using BLIP model from session state
[10:42:26.298] Caption generated in 2.19 seconds: arafed baby in a white hat is being held by a woman
[10:42:26.684] Image processed in 0.37 seconds
[10:42:26.684] Using BLIP model from session state
[10:42:28.663] Caption generated in 1.96 seconds: there is a woman holding a baby in a hospital bed
[10:42:29.032] Image processed in 0.37 seconds
[10:42:29.048] Using BLIP model from session state
[10:42:31.140] Caption generated in 2.09 seconds: araffe baby in a white hat being held by a woman
[10:42:31.512] Image processed in 0.36 seconds
[10:42:31.535] Using BLIP model from session state
[10:42:33.787] Caption generated in 2.25 seconds: arafed baby sleeping on a woman ' s stomach in a hospital bed
[10:42:34.188] Image processed in 0.38 seconds
[10:42:34.206] Using BLIP model from session state
[10:42:36.136] Caption generated in 1.93 seconds: there is a man sitting in a chair holding a baby
[10:42:36.513] Image processed in 0.36 seconds
[10:42:36.528] Using BLIP model from session state
[10:42:38.830] Caption generated in 2.30 seconds: arafed baby being held by a man in a black and white photo
[10:42:39.198] Image processed in 0.35 seconds
[10:42:39.198] Using BLIP model from session state
[10:42:41.305] Caption generated in 2.11 seconds: there is a man washing a baby in a sink with soap
[10:42:41.672] Image processed in 0.37 seconds
[10:42:41.672] Using BLIP model from session state
[10:42:43.758] Caption generated in 2.09 seconds: there is a woman washing a baby in a sink with a brush
[10:42:44.146] Image processed in 0.39 seconds
[10:42:44.168] Using BLIP model from session state
[10:42:46.107] Caption generated in 1.94 seconds: someone is putting a baby ' s hand on a towel
[10:42:46.481] Image processed in 0.37 seconds
[10:42:46.500] Using BLIP model from session state
[10:42:48.644] Caption generated in 2.14 seconds: there are two hands holding a baby ' s foot while another holds it
[10:42:48.999] Image processed in 0.35 seconds
[10:42:49.024] Using BLIP model from session state
[10:42:50.845] Caption generated in 1.82 seconds: someone holding a baby ' s foot with their hands
[10:42:51.229] Image processed in 0.37 seconds
[10:42:51.248] Using BLIP model from session state
[10:42:53.110] Caption generated in 1.86 seconds: someone is holding a hand with a small finger on it
[10:42:53.477] Image processed in 0.37 seconds
[10:42:53.494] Using BLIP model from session state
[10:42:55.404] Caption generated in 1.91 seconds: there is a baby that is laying down in a bed
[10:42:55.775] Image processed in 0.36 seconds
[10:42:55.793] Using BLIP model from session state
[10:42:57.714] Caption generated in 1.92 seconds: there is a baby laying on a bed with a blanket
[10:42:58.078] Image processed in 0.36 seconds
[10:42:58.093] Using BLIP model from session state
[10:43:00.041] Caption generated in 1.95 seconds: arafed baby laying on a bed with his hand out
[10:43:00.409] Image processed in 0.36 seconds
[10:43:00.422] Using BLIP model from session state
[10:43:02.612] Caption generated in 2.19 seconds: arafed baby in a knitted hat is laying on a blanket
[10:43:03.001] Image processed in 0.37 seconds
[10:43:03.017] Using BLIP model from session state
[10:43:04.827] Caption generated in 1.81 seconds: there is a man holding a baby in his arms
[10:43:05.202] Image processed in 0.36 seconds
[10:43:05.227] Using BLIP model from session state
[10:43:07.356] Caption generated in 2.13 seconds: arafed baby being held by a man in a black and white photo
[10:43:07.396] [After rendering UI] CUDA Memory - Allocated: 0.00 MB, Reserved: 0.00 MB, Peak: 0.00 MB
[10:43:43.929] Using existing model manager from session state
[10:43:43.935] [After model manager initialization] CUDA Memory - Allocated: 0.00 MB, Reserved: 0.00 MB, Peak: 0.00 MB
[10:43:43.935] Using existing database manager from session state
[10:43:43.936] [Before rendering UI] CUDA Memory - Allocated: 0.00 MB, Reserved: 0.00 MB, Peak: 0.00 MB
[10:43:43.944] [After rendering UI] CUDA Memory - Allocated: 0.00 MB, Reserved: 0.00 MB, Peak: 0.00 MB
[10:43:48.475] Using existing model manager from session state
[10:43:48.481] [After model manager initialization] CUDA Memory - Allocated: 0.00 MB, Reserved: 0.00 MB, Peak: 0.00 MB
[10:43:48.481] Using existing database manager from session state
[10:43:48.482] [Before rendering UI] CUDA Memory - Allocated: 0.00 MB, Reserved: 0.00 MB, Peak: 0.00 MB
[10:43:49.897] [After rendering UI] CUDA Memory - Allocated: 0.00 MB, Reserved: 0.00 MB, Peak: 0.00 MB
[10:43:57.865] Using existing model manager from session state
[10:43:57.865] [After model manager initialization] CUDA Memory - Allocated: 0.00 MB, Reserved: 0.00 MB, Peak: 0.00 MB
[10:43:57.866] Using existing database manager from session state
[10:43:57.867] [Before rendering UI] CUDA Memory - Allocated: 0.00 MB, Reserved: 0.00 MB, Peak: 0.00 MB
[10:43:57.875] [After rendering UI] CUDA Memory - Allocated: 0.00 MB, Reserved: 0.00 MB, Peak: 0.00 MB
[10:44:02.476] Using existing model manager from session state
[10:44:02.476] [After model manager initialization] CUDA Memory - Allocated: 0.00 MB, Reserved: 0.00 MB, Peak: 0.00 MB
[10:44:02.476] Using existing database manager from session state
[10:44:02.476] [Before rendering UI] CUDA Memory - Allocated: 0.00 MB, Reserved: 0.00 MB, Peak: 0.00 MB
[10:44:03.856] [After rendering UI] CUDA Memory - Allocated: 0.00 MB, Reserved: 0.00 MB, Peak: 0.00 MB
[10:44:05.217] Using existing model manager from session state
[10:44:05.218] [After model manager initialization] CUDA Memory - Allocated: 0.00 MB, Reserved: 0.00 MB, Peak: 0.00 MB
[10:44:05.219] Using existing database manager from session state
[10:44:05.220] [Before rendering UI] CUDA Memory - Allocated: 0.00 MB, Reserved: 0.00 MB, Peak: 0.00 MB
[10:44:05.229] [After rendering UI] CUDA Memory - Allocated: 0.00 MB, Reserved: 0.00 MB, Peak: 0.00 MB
[10:44:07.136] Using existing model manager from session state
[10:44:07.136] [After model manager initialization] CUDA Memory - Allocated: 0.00 MB, Reserved: 0.00 MB, Peak: 0.00 MB
[10:44:07.136] Using existing database manager from session state
[10:44:07.136] [Before rendering UI] CUDA Memory - Allocated: 0.00 MB, Reserved: 0.00 MB, Peak: 0.00 MB
[10:44:08.502] [After rendering UI] CUDA Memory - Allocated: 0.00 MB, Reserved: 0.00 MB, Peak: 0.00 MB
[10:44:10.635] Using existing model manager from session state
[10:44:10.640] [After model manager initialization] CUDA Memory - Allocated: 0.00 MB, Reserved: 0.00 MB, Peak: 0.00 MB
[10:44:10.641] Using existing database manager from session state
[10:44:10.642] [Before rendering UI] CUDA Memory - Allocated: 0.00 MB, Reserved: 0.00 MB, Peak: 0.00 MB
[10:44:10.649] [After rendering UI] CUDA Memory - Allocated: 0.00 MB, Reserved: 0.00 MB, Peak: 0.00 MB
[10:44:14.413] Using existing model manager from session state
[10:44:14.413] [After model manager initialization] CUDA Memory - Allocated: 0.00 MB, Reserved: 0.00 MB, Peak: 0.00 MB
[10:44:14.413] Using existing database manager from session state
[10:44:14.413] [Before rendering UI] CUDA Memory - Allocated: 0.00 MB, Reserved: 0.00 MB, Peak: 0.00 MB
[10:44:14.425] [After rendering UI] CUDA Memory - Allocated: 0.00 MB, Reserved: 0.00 MB, Peak: 0.00 MB
[10:44:15.638] Using existing model manager from session state
[10:44:15.639] [After model manager initialization] CUDA Memory - Allocated: 0.00 MB, Reserved: 0.00 MB, Peak: 0.00 MB
[10:44:15.640] Using existing database manager from session state
[10:44:15.641] [Before rendering UI] CUDA Memory - Allocated: 0.00 MB, Reserved: 0.00 MB, Peak: 0.00 MB
[10:44:16.143] [After rendering UI] CUDA Memory - Allocated: 0.00 MB, Reserved: 0.00 MB, Peak: 0.00 MB
[10:44:45.276] Application shutting down, cleaning up resources...
[10:44:45.367] Final GPU memory state - Allocated: 0.00 MB, Reserved: 0.00 MB
[10:44:45.368] CUDA resources cleaned up successfully
[10:44:45.368] Application shutdown complete
[10:44:45.369] Application shutting down, cleaning up resources...
[10:44:45.445] Final GPU memory state - Allocated: 0.00 MB, Reserved: 0.00 MB
[10:44:45.445] CUDA resources cleaned up successfully
[10:44:45.445] Application shutdown complete
[10:44:45.445] Application shutting down, cleaning up resources...
[10:44:45.527] Final GPU memory state - Allocated: 0.00 MB, Reserved: 0.00 MB
[10:44:45.527] CUDA resources cleaned up successfully
[10:44:45.527] Application shutdown complete
[10:44:45.527] Application shutting down, cleaning up resources...
[10:44:45.604] Final GPU memory state - Allocated: 0.00 MB, Reserved: 0.00 MB
[10:44:45.604] CUDA resources cleaned up successfully
[10:44:45.604] Application shutdown complete
[10:44:45.604] Application shutting down, cleaning up resources...
[10:44:45.687] Final GPU memory state - Allocated: 0.00 MB, Reserved: 0.00 MB
[10:44:45.687] CUDA resources cleaned up successfully
[10:44:45.687] Application shutdown complete
[10:44:45.687] Application shutting down, cleaning up resources...
[10:44:45.769] Final GPU memory state - Allocated: 0.00 MB, Reserved: 0.00 MB
[10:44:45.769] CUDA resources cleaned up successfully
[10:44:45.769] Application shutdown complete
[10:44:45.769] Application shutting down, cleaning up resources...
[10:44:45.852] Final GPU memory state - Allocated: 0.00 MB, Reserved: 0.00 MB
[10:44:45.852] CUDA resources cleaned up successfully
[10:44:45.852] Application shutdown complete
[10:44:45.852] Application shutting down, cleaning up resources...
[10:44:45.928] Final GPU memory state - Allocated: 0.00 MB, Reserved: 0.00 MB
[10:44:45.928] CUDA resources cleaned up successfully
[10:44:45.928] Application shutdown complete
[10:44:45.928] Application shutting down, cleaning up resources...
[10:44:46.010] Final GPU memory state - Allocated: 0.00 MB, Reserved: 0.00 MB
[10:44:46.010] CUDA resources cleaned up successfully
[10:44:46.010] Application shutdown complete
[10:44:46.010] Application shutting down, cleaning up resources...
[10:44:46.094] Final GPU memory state - Allocated: 0.00 MB, Reserved: 0.00 MB
[10:44:46.094] CUDA resources cleaned up successfully
[10:44:46.094] Application shutdown complete
[10:44:46.094] Application shutting down, cleaning up resources...
[10:44:46.177] Final GPU memory state - Allocated: 0.00 MB, Reserved: 0.00 MB
[10:44:46.177] CUDA resources cleaned up successfully
[10:44:46.177] Application shutdown complete
[10:44:46.177] Application shutting down, cleaning up resources...
[10:44:46.253] Final GPU memory state - Allocated: 0.00 MB, Reserved: 0.00 MB
[10:44:46.268] CUDA resources cleaned up successfully
[10:44:46.269] Application shutdown complete
