[22:47:57.469] Loading CLIP model on cuda...
[22:47:57.469] Starting to load CLIP model on cuda...
[22:47:57.470] CUDA device count: 1
[22:47:57.470] Current CUDA device: 0
[22:47:57.470] Loading CLIP model with device=cuda...
[22:48:01.834] Model is loaded on: cuda:0
[22:48:01.834] CLIP model loaded in 4.36 seconds on cuda
[22:48:01.834] CLIP model loaded in 4.36 seconds
[22:48:01.835] Loading BLIP model on cuda...
[22:48:01.835] Starting to load BLIP model on cuda...
[22:48:01.836] Loading BLIP processor from Salesforce/blip-image-captioning-large...
[22:48:02.590] Loading BLIP model from Salesforce/blip-image-captioning-large...
[22:48:02.591] CUDA device count: 1
[22:48:02.592] Current CUDA device: 0
[22:48:04.891] BLIP model is loaded on: cuda:0
[22:48:04.892] BLIP model loaded successfully on cuda
[22:48:04.893] BLIP model loaded in 3.06 seconds
[22:48:04.901] Application shutting down, cleaning up resources...
[22:48:04.902] GPU memory still allocated after CLIP unload: 0.00 MB
[22:48:04.902] CLIP model unloaded from memory
[22:48:04.921] GPU memory still allocated after BLIP unload: 0.00 MB
[22:48:04.922] BLIP model unloaded from memory
[22:48:05.153] Final GPU memory state - Allocated: 0.00 MB, Reserved: 0.00 MB
[22:48:05.153] CUDA resources cleaned up successfully
[22:48:05.154] Application shutdown complete
[07:55:14.844] Loading CLIP model on cuda...
[07:55:14.845] Starting to load CLIP model on cuda...
[07:55:14.845] CUDA device count: 1
[07:55:14.846] Current CUDA device: 0
[07:55:14.847] Loading CLIP model with device=cuda...
[07:55:15.100] Loading CLIP model on cuda...
[07:55:15.101] Starting to load CLIP model on cuda...
[07:55:15.101] CUDA device count: 1
[07:55:15.102] Current CUDA device: 0
[07:55:15.102] Loading CLIP model with device=cuda...
[07:55:23.700] Model is loaded on: cuda:0
[07:55:23.700] CLIP model loaded in 8.85 seconds on cuda
[07:55:23.701] CLIP model loaded in 8.86 seconds
[07:55:23.701] Loading BLIP model on cuda...
[07:55:23.701] Starting to load BLIP model on cuda...
[07:55:23.701] Loading BLIP processor from Salesforce/blip-image-captioning-large...
[07:55:23.950] Model is loaded on: cuda:0
[07:55:23.951] CLIP model loaded in 8.85 seconds on cuda
[07:55:23.951] CLIP model loaded in 8.85 seconds
[07:55:23.951] Loading BLIP model on cuda...
[07:55:23.952] Starting to load BLIP model on cuda...
[07:55:23.952] Loading BLIP processor from Salesforce/blip-image-captioning-large...
[07:55:24.573] Loading BLIP model from Salesforce/blip-image-captioning-large...
[07:55:24.574] CUDA device count: 1
[07:55:24.574] Current CUDA device: 0
[07:55:24.625] Loading BLIP model from Salesforce/blip-image-captioning-large...
[07:55:24.626] CUDA device count: 1
[07:55:24.626] Current CUDA device: 0
[07:55:33.640] BLIP model is loaded on: cuda:0
[07:55:33.641] BLIP model loaded successfully on cuda
[07:55:33.641] BLIP model loaded in 9.94 seconds
[07:55:33.641] Application shutting down, cleaning up resources...
[07:55:33.641] GPU memory still allocated after CLIP unload: 0.00 MB
[07:55:33.641] CLIP model unloaded from memory
[07:55:33.716] GPU memory still allocated after BLIP unload: 0.00 MB
[07:55:33.716] BLIP model unloaded from memory
[07:55:34.078] BLIP model is loaded on: cuda:0
[07:55:34.078] BLIP model loaded successfully on cuda
[07:55:34.079] BLIP model loaded in 10.13 seconds
[07:55:34.324] Final GPU memory state - Allocated: 0.00 MB, Reserved: 0.00 MB
[07:55:34.325] CUDA resources cleaned up successfully
[07:55:34.327] Application shutdown complete
[07:55:34.823] Application shutting down, cleaning up resources...
[07:55:34.873] GPU memory still allocated after BLIP unload: 0.00 MB
[07:55:34.873] BLIP model unloaded from memory
[07:55:35.162] Final GPU memory state - Allocated: 0.00 MB, Reserved: 0.00 MB
[07:55:35.163] CUDA resources cleaned up successfully
[07:55:35.163] Application shutdown complete
[07:55:52.611] Loading CLIP model on cuda...
[07:55:52.612] Starting to load CLIP model on cuda...
[07:55:52.612] CUDA device count: 1
[07:55:52.613] Current CUDA device: 0
[07:55:52.613] Loading CLIP model with device=cuda...
[07:55:57.498] Model is loaded on: cuda:0
[07:55:57.499] CLIP model loaded in 4.89 seconds on cuda
[07:55:57.499] CLIP model loaded in 4.89 seconds
[07:55:57.499] Loading BLIP model on cuda...
[07:55:57.500] Starting to load BLIP model on cuda...
[07:55:57.500] Loading BLIP processor from Salesforce/blip-image-captioning-large...
[07:55:58.203] Loading BLIP model from Salesforce/blip-image-captioning-large...
[07:55:58.203] CUDA device count: 1
[07:55:58.204] Current CUDA device: 0
[07:56:00.536] BLIP model is loaded on: cuda:0
[07:56:00.536] BLIP model loaded successfully on cuda
[07:56:00.536] BLIP model loaded in 3.04 seconds
[07:56:00.544] Application shutting down, cleaning up resources...
[07:56:00.545] GPU memory still allocated after CLIP unload: 0.00 MB
[07:56:00.545] CLIP model unloaded from memory
[07:56:00.573] GPU memory still allocated after BLIP unload: 0.00 MB
[07:56:00.575] BLIP model unloaded from memory
[07:56:00.801] Final GPU memory state - Allocated: 0.00 MB, Reserved: 0.00 MB
[07:56:00.802] CUDA resources cleaned up successfully
[07:56:00.802] Application shutdown complete
[07:56:06.435] Loading CLIP model on cuda...
[07:56:06.436] Starting to load CLIP model on cuda...
[07:56:06.436] CUDA device count: 1
[07:56:06.437] Current CUDA device: 0
[07:56:06.437] Loading CLIP model with device=cuda...
[07:56:10.988] Model is loaded on: cuda:0
[07:56:10.988] CLIP model loaded in 4.55 seconds on cuda
[07:56:10.989] CLIP model loaded in 4.55 seconds
[07:56:10.989] Loading BLIP model on cuda...
[07:56:10.989] Starting to load BLIP model on cuda...
[07:56:10.989] Loading BLIP processor from Salesforce/blip-image-captioning-large...
[07:56:11.688] Loading BLIP model from Salesforce/blip-image-captioning-large...
[07:56:11.689] CUDA device count: 1
[07:56:11.689] Current CUDA device: 0
[07:56:14.045] BLIP model is loaded on: cuda:0
[07:56:14.046] BLIP model loaded successfully on cuda
[07:56:14.046] BLIP model loaded in 3.06 seconds
[07:56:14.055] Loading CLIP model on cuda...
[07:56:14.056] CLIP model loaded in 0.00 seconds
[07:56:17.809] Application shutting down, cleaning up resources...
[07:56:17.810] GPU memory still allocated after CLIP unload: 0.00 MB
[07:56:17.810] CLIP model unloaded from memory
[07:56:17.811] GPU memory still allocated after BLIP unload: 0.00 MB
[07:56:17.811] BLIP model unloaded from memory
[07:56:18.043] Final GPU memory state - Allocated: 0.00 MB, Reserved: 0.00 MB
[07:56:18.043] CUDA resources cleaned up successfully
[07:56:18.044] Application shutdown complete
[08:04:15.259] Loading CLIP model on cuda...
[08:04:15.260] Starting to load CLIP model on cuda...
[08:04:15.261] CUDA device count: 1
[08:04:15.261] Current CUDA device: 0
[08:04:15.262] Loading CLIP model with device=cuda...
[08:04:20.076] Model is loaded on: cuda:0
[08:04:20.076] CLIP model loaded in 4.81 seconds on cuda
[08:04:20.077] CLIP model loaded in 4.82 seconds
[08:04:20.077] Loading BLIP model on cuda...
[08:04:20.077] Starting to load BLIP model on cuda...
[08:04:20.077] Loading BLIP processor from Salesforce/blip-image-captioning-large...
[08:04:20.941] Loading BLIP model from Salesforce/blip-image-captioning-large...
[08:04:20.941] CUDA device count: 1
[08:04:20.942] Current CUDA device: 0
[08:04:23.208] BLIP model is loaded on: cuda:0
[08:04:23.208] BLIP model loaded successfully on cuda
[08:04:23.209] BLIP model loaded in 3.13 seconds
[08:04:23.217] Application error: module 'streamlit' has no attribute 'experimental_rerun'
Traceback (most recent call last):
  File "C:\Users\aitor\OneDrive\Escritorio\Vibe Coding\app.py", line 146, in main
    render_main_interface()
  File "C:\Users\aitor\OneDrive\Escritorio\Vibe Coding\ui\main_interface.py", line 21, in render_main_interface
    render_main_content()
  File "C:\Users\aitor\OneDrive\Escritorio\Vibe Coding\ui\main_interface.py", line 114, in render_main_content
    render_guessing_game_tab()
  File "C:\Users\aitor\OneDrive\Escritorio\Vibe Coding\ui\tabs.py", line 179, in render_guessing_game_tab
    st.experimental_rerun()
AttributeError: module 'streamlit' has no attribute 'experimental_rerun'
[08:04:23.223] Application shutting down, cleaning up resources...
[08:04:23.224] GPU memory still allocated after CLIP unload: 0.00 MB
[08:04:23.224] CLIP model unloaded from memory
[08:04:23.251] GPU memory still allocated after BLIP unload: 0.00 MB
[08:04:23.251] BLIP model unloaded from memory
[08:04:23.500] Final GPU memory state - Allocated: 0.00 MB, Reserved: 0.00 MB
[08:04:23.500] CUDA resources cleaned up successfully
[08:04:23.501] Application shutdown complete
[08:04:26.978] Loading CLIP model on cuda...
[08:04:26.979] Starting to load CLIP model on cuda...
[08:04:26.979] CUDA device count: 1
[08:04:26.980] Current CUDA device: 0
[08:04:26.980] Loading CLIP model with device=cuda...
[08:04:31.140] Model is loaded on: cuda:0
[08:04:31.141] CLIP model loaded in 4.16 seconds on cuda
[08:04:31.141] CLIP model loaded in 4.16 seconds
[08:04:31.142] Loading BLIP model on cuda...
[08:04:31.142] Starting to load BLIP model on cuda...
[08:04:31.142] Loading BLIP processor from Salesforce/blip-image-captioning-large...
[08:04:36.895] Loading BLIP model from Salesforce/blip-image-captioning-large...
[08:04:36.895] CUDA device count: 1
[08:04:36.896] Current CUDA device: 0
[08:04:39.073] BLIP model is loaded on: cuda:0
[08:04:39.073] BLIP model loaded successfully on cuda
[08:04:39.074] BLIP model loaded in 7.93 seconds
[08:04:39.342] Application shutting down, cleaning up resources...
[08:04:39.343] GPU memory still allocated after CLIP unload: 0.00 MB
[08:04:39.343] CLIP model unloaded from memory
[08:04:39.365] GPU memory still allocated after BLIP unload: 0.00 MB
[08:04:39.366] BLIP model unloaded from memory
[08:04:39.549] Final GPU memory state - Allocated: 0.00 MB, Reserved: 0.00 MB
[08:04:39.549] CUDA resources cleaned up successfully
[08:04:39.550] Application shutdown complete
[08:04:47.226] Loading CLIP model on cuda...
[08:04:47.226] Starting to load CLIP model on cuda...
[08:04:47.229] CUDA device count: 1
[08:04:47.230] Current CUDA device: 0
[08:04:47.230] Loading CLIP model with device=cuda...
[08:04:47.431] Loading CLIP model on cuda...
[08:04:47.432] Starting to load CLIP model on cuda...
[08:04:47.432] CUDA device count: 1
[08:04:47.433] Current CUDA device: 0
[08:04:47.433] Loading CLIP model with device=cuda...
[08:04:48.304] Loading CLIP model on cuda...
[08:04:48.305] Starting to load CLIP model on cuda...
[08:04:48.306] CUDA device count: 1
[08:04:48.306] Current CUDA device: 0
[08:04:48.306] Loading CLIP model with device=cuda...
[08:04:49.859] Loading CLIP model on cuda...
[08:04:49.860] Starting to load CLIP model on cuda...
[08:04:49.861] CUDA device count: 1
[08:04:49.862] Current CUDA device: 0
[08:04:49.863] Loading CLIP model with device=cuda...
[08:04:59.676] Model is loaded on: cuda:0
[08:04:59.677] CLIP model loaded in 12.45 seconds on cuda
[08:04:59.677] CLIP model loaded in 12.45 seconds
[08:04:59.678] Loading BLIP model on cuda...
[08:04:59.678] Starting to load BLIP model on cuda...
[08:04:59.678] Loading BLIP processor from Salesforce/blip-image-captioning-large...
[08:05:00.778] Loading BLIP model from Salesforce/blip-image-captioning-large...
[08:05:00.837] CUDA device count: 1
[08:05:00.839] Current CUDA device: 0
[08:05:00.850] Model is loaded on: cuda:0
[08:05:00.852] CLIP model loaded in 12.55 seconds on cuda
[08:05:00.852] CLIP model loaded in 12.55 seconds
[08:05:00.852] Model is loaded on: cuda:0
[08:05:00.853] Loading BLIP model on cuda...
[08:05:00.853] CLIP model loaded in 13.42 seconds on cuda
[08:05:00.853] Starting to load BLIP model on cuda...
[08:05:00.853] CLIP model loaded in 13.42 seconds
[08:05:00.853] Loading BLIP processor from Salesforce/blip-image-captioning-large...
[08:05:00.854] Loading BLIP model on cuda...
[08:05:00.855] Starting to load BLIP model on cuda...
[08:05:00.856] Loading BLIP processor from Salesforce/blip-image-captioning-large...
[08:05:00.940] Model is loaded on: cuda:0
[08:05:00.941] CLIP model loaded in 11.08 seconds on cuda
[08:05:00.941] CLIP model loaded in 11.08 seconds
[08:05:00.941] Loading BLIP model on cuda...
[08:05:00.942] Starting to load BLIP model on cuda...
[08:05:00.942] Loading BLIP processor from Salesforce/blip-image-captioning-large...
[08:05:01.647] Loading BLIP model from Salesforce/blip-image-captioning-large...
[08:05:01.647] CUDA device count: 1
[08:05:01.647] Current CUDA device: 0
[08:05:01.864] Loading BLIP model from Salesforce/blip-image-captioning-large...
[08:05:01.866] CUDA device count: 1
[08:05:01.867] Current CUDA device: 0
[08:05:01.906] Loading BLIP model from Salesforce/blip-image-captioning-large...
[08:05:01.907] CUDA device count: 1
[08:05:01.908] Current CUDA device: 0
[08:05:16.614] BLIP model is loaded on: cuda:0
[08:05:16.647] BLIP model loaded successfully on cuda
[08:05:16.656] BLIP model loaded in 16.98 seconds
[08:05:16.679] Application shutting down, cleaning up resources...
[08:05:16.831] GPU memory still allocated after CLIP unload: 0.00 MB
[08:05:16.832] CLIP model unloaded from memory
[08:05:18.277] BLIP model is loaded on: cuda:0
[08:05:18.277] BLIP model loaded successfully on cuda
[08:05:18.277] BLIP model loaded in 17.42 seconds
[08:05:18.308] Application shutting down, cleaning up resources...
[08:05:20.068] BLIP model is loaded on: cuda:0
[08:05:20.068] BLIP model loaded successfully on cuda
[08:05:20.099] BLIP model loaded in 19.25 seconds
[08:05:20.099] Application shutting down, cleaning up resources...
[08:05:20.262] GPU memory still allocated after BLIP unload: 0.00 MB
[08:05:20.263] BLIP model unloaded from memory
[08:05:22.706] Final GPU memory state - Allocated: 0.00 MB, Reserved: 0.00 MB
[08:05:22.707] CUDA resources cleaned up successfully
[08:05:22.708] Application shutdown complete
[08:05:24.375] Final GPU memory state - Allocated: 0.00 MB, Reserved: 0.00 MB
[08:05:24.375] CUDA resources cleaned up successfully
[08:05:24.376] Application shutdown complete
[08:05:25.000] BLIP model is loaded on: cuda:0
[08:05:25.000] BLIP model loaded successfully on cuda
[08:05:25.001] BLIP model loaded in 24.06 seconds
[08:05:26.168] Final GPU memory state - Allocated: 0.00 MB, Reserved: 0.00 MB
[08:05:26.168] CUDA resources cleaned up successfully
[08:05:26.168] Application shutdown complete
[08:05:28.023] Application shutting down, cleaning up resources...
[08:05:28.085] GPU memory still allocated after BLIP unload: 0.00 MB
[08:05:28.086] BLIP model unloaded from memory
[08:05:28.655] Final GPU memory state - Allocated: 0.00 MB, Reserved: 0.00 MB
[08:05:28.655] CUDA resources cleaned up successfully
[08:05:28.656] Application shutdown complete
