[16:00:59.209] Creating new model manager instance
[16:00:59.209] Loading CLIP model on cuda...
[16:00:59.209] Starting to load CLIP model on cuda...
[16:00:59.209] CUDA device count: 1
[16:00:59.209] Current CUDA device: 0
[16:00:59.209] Loading CLIP model with device=cuda...
[16:01:02.765] Model is loaded on: cuda:0
[16:01:02.765] CLIP model loaded in 3.56 seconds on cuda
[16:01:02.765] CLIP model loaded in 3.56 seconds
[16:01:02.765] Loading BLIP model on cuda...
[16:01:02.765] Starting to load BLIP model on cuda...
[16:01:02.765] Loading BLIP processor from Salesforce/blip-image-captioning-large...
[16:01:03.765] Loading BLIP model from Salesforce/blip-image-captioning-large...
[16:01:03.765] CUDA device count: 1
[16:01:03.765] Current CUDA device: 0
[16:01:06.227] BLIP model is loaded on: cuda:0
[16:01:06.227] BLIP model loaded successfully on cuda
[16:01:06.227] BLIP model loaded in 3.46 seconds
[16:01:06.227] [After model manager initialization] CUDA Memory - Allocated: 0.00 MB, Reserved: 0.00 MB, Peak: 0.00 MB
[16:01:06.227] Creating new database manager instance
[16:01:06.227] [Before rendering UI] CUDA Memory - Allocated: 0.00 MB, Reserved: 0.00 MB, Peak: 0.00 MB
[16:01:06.264] [After rendering UI] CUDA Memory - Allocated: 0.00 MB, Reserved: 0.00 MB, Peak: 0.00 MB
