[12:34:57.877] Creating new model manager instance
[12:34:57.877] Loading CLIP model on cuda...
[12:34:57.877] Starting to load CLIP model on cuda...
[12:34:57.877] CUDA device count: 1
[12:34:57.877] Current CUDA device: 0
[12:34:57.877] Loading CLIP model with device=cuda...
[12:35:01.499] Model is loaded on: cuda:0
[12:35:01.499] CLIP model loaded in 3.62 seconds on cuda
[12:35:01.499] CLIP model loaded in 3.62 seconds
[12:35:01.499] Loading BLIP model on cuda...
[12:35:01.499] Starting to load BLIP model on cuda...
[12:35:01.514] Loading BLIP processor from Salesforce/blip-image-captioning-large...
[12:35:02.200] Loading BLIP model from Salesforce/blip-image-captioning-large...
[12:35:02.200] CUDA device count: 1
[12:35:02.200] Current CUDA device: 0
[12:35:04.531] BLIP model is loaded on: cuda:0
[12:35:04.531] BLIP model loaded successfully on cuda
[12:35:04.531] BLIP model loaded in 3.03 seconds
[12:35:04.531] [After model manager initialization] CUDA Memory - Allocated: 0.00 MB, Reserved: 0.00 MB, Peak: 0.00 MB
[12:35:04.531] Creating new database manager instance
[12:35:04.547] [Before rendering UI] CUDA Memory - Allocated: 0.00 MB, Reserved: 0.00 MB, Peak: 0.00 MB
[12:35:04.553] [After rendering UI] CUDA Memory - Allocated: 0.00 MB, Reserved: 0.00 MB, Peak: 0.00 MB
[12:35:08.831] Using existing model manager from session state
[12:35:08.832] [After model manager initialization] CUDA Memory - Allocated: 0.00 MB, Reserved: 0.00 MB, Peak: 0.00 MB
[12:35:08.834] Using existing database manager from session state
[12:35:08.835] [Before rendering UI] CUDA Memory - Allocated: 0.00 MB, Reserved: 0.00 MB, Peak: 0.00 MB
[12:35:08.842] [After rendering UI] CUDA Memory - Allocated: 0.00 MB, Reserved: 0.00 MB, Peak: 0.00 MB
[12:35:17.349] Using existing model manager from session state
[12:35:17.350] [After model manager initialization] CUDA Memory - Allocated: 0.00 MB, Reserved: 0.00 MB, Peak: 0.00 MB
[12:35:17.350] Using existing database manager from session state
[12:35:17.351] [Before rendering UI] CUDA Memory - Allocated: 0.00 MB, Reserved: 0.00 MB, Peak: 0.00 MB
[12:35:17.351] [After rendering UI] CUDA Memory - Allocated: 0.00 MB, Reserved: 0.00 MB, Peak: 0.00 MB
[12:35:17.558] Using existing model manager from session state
[12:35:17.558] [After model manager initialization] CUDA Memory - Allocated: 0.00 MB, Reserved: 0.00 MB, Peak: 0.00 MB
[12:35:17.558] Using existing database manager from session state
[12:35:17.558] [Before rendering UI] CUDA Memory - Allocated: 0.00 MB, Reserved: 0.00 MB, Peak: 0.00 MB
[12:35:17.592] [After rendering UI] CUDA Memory - Allocated: 0.00 MB, Reserved: 0.00 MB, Peak: 0.00 MB
[12:35:25.068] Using existing model manager from session state
[12:35:25.068] [After model manager initialization] CUDA Memory - Allocated: 0.00 MB, Reserved: 0.00 MB, Peak: 0.00 MB
[12:35:25.075] Using existing database manager from session state
[12:35:25.075] [Before rendering UI] CUDA Memory - Allocated: 0.00 MB, Reserved: 0.00 MB, Peak: 0.00 MB
[12:35:25.082] [After rendering UI] CUDA Memory - Allocated: 0.00 MB, Reserved: 0.00 MB, Peak: 0.00 MB
[12:35:29.687] Using existing model manager from session state
[12:35:29.687] [After model manager initialization] CUDA Memory - Allocated: 0.00 MB, Reserved: 0.00 MB, Peak: 0.00 MB
[12:35:29.687] Using existing database manager from session state
[12:35:29.687] [Before rendering UI] CUDA Memory - Allocated: 0.00 MB, Reserved: 0.00 MB, Peak: 0.00 MB
[12:35:31.443] [After rendering UI] CUDA Memory - Allocated: 0.00 MB, Reserved: 0.00 MB, Peak: 0.00 MB
[12:35:44.470] Using existing model manager from session state
[12:35:44.472] [After model manager initialization] CUDA Memory - Allocated: 0.00 MB, Reserved: 0.00 MB, Peak: 0.00 MB
[12:35:44.473] Using existing database manager from session state
[12:35:44.474] [Before rendering UI] CUDA Memory - Allocated: 0.00 MB, Reserved: 0.00 MB, Peak: 0.00 MB
[12:35:44.486] [After rendering UI] CUDA Memory - Allocated: 0.00 MB, Reserved: 0.00 MB, Peak: 0.00 MB
[12:35:47.389] Using existing model manager from session state
[12:35:47.391] [After model manager initialization] CUDA Memory - Allocated: 0.00 MB, Reserved: 0.00 MB, Peak: 0.00 MB
[12:35:47.391] Using existing database manager from session state
[12:35:47.392] [Before rendering UI] CUDA Memory - Allocated: 0.00 MB, Reserved: 0.00 MB, Peak: 0.00 MB
[12:35:49.033] [After rendering UI] CUDA Memory - Allocated: 0.00 MB, Reserved: 0.00 MB, Peak: 0.00 MB
[12:37:29.570] Using existing model manager from session state
[12:37:29.571] [After model manager initialization] CUDA Memory - Allocated: 0.00 MB, Reserved: 0.00 MB, Peak: 0.00 MB
[12:37:29.572] Using existing database manager from session state
[12:37:29.573] [Before rendering UI] CUDA Memory - Allocated: 0.00 MB, Reserved: 0.00 MB, Peak: 0.00 MB
[12:37:29.582] [After rendering UI] CUDA Memory - Allocated: 0.00 MB, Reserved: 0.00 MB, Peak: 0.00 MB
[12:37:33.554] Using existing model manager from session state
[12:37:33.554] [After model manager initialization] CUDA Memory - Allocated: 0.00 MB, Reserved: 0.00 MB, Peak: 0.00 MB
[12:37:33.554] Using existing database manager from session state
[12:37:33.554] [Before rendering UI] CUDA Memory - Allocated: 0.00 MB, Reserved: 0.00 MB, Peak: 0.00 MB
[12:37:35.155] [After rendering UI] CUDA Memory - Allocated: 0.00 MB, Reserved: 0.00 MB, Peak: 0.00 MB
[12:39:01.712] Using existing model manager from session state
[12:39:01.713] [After model manager initialization] CUDA Memory - Allocated: 0.00 MB, Reserved: 0.00 MB, Peak: 0.00 MB
[12:39:01.714] Using existing database manager from session state
[12:39:01.715] [Before rendering UI] CUDA Memory - Allocated: 0.00 MB, Reserved: 0.00 MB, Peak: 0.00 MB
[12:39:01.729] [After rendering UI] CUDA Memory - Allocated: 0.00 MB, Reserved: 0.00 MB, Peak: 0.00 MB
