[11:10:59.925] Creating new model manager instance
[11:10:59.925] Loading CLIP model on cuda...
[11:10:59.925] Starting to load CLIP model on cuda...
[11:10:59.925] CUDA device count: 1
[11:10:59.925] Current CUDA device: 0
[11:10:59.925] Loading CLIP model with device=cuda...
[11:11:03.263] Model is loaded on: cuda:0
[11:11:03.263] CLIP model loaded in 3.34 seconds on cuda
[11:11:03.263] CLIP model loaded in 3.34 seconds
[11:11:03.263] Loading BLIP model on cuda...
[11:11:03.263] Starting to load BLIP model on cuda...
[11:11:03.263] Loading BLIP processor from Salesforce/blip-image-captioning-large...
[11:11:03.921] Loading BLIP model from Salesforce/blip-image-captioning-large...
[11:11:03.921] CUDA device count: 1
[11:11:03.921] Current CUDA device: 0
[11:11:05.560] BLIP model is loaded on: cuda:0
[11:11:05.560] BLIP model loaded successfully on cuda
[11:11:05.560] BLIP model loaded in 2.30 seconds
[11:11:05.560] [After model manager initialization] CUDA Memory - Allocated: 0.00 MB, Reserved: 0.00 MB, Peak: 0.00 MB
[11:11:05.560] Creating new database manager instance
[11:11:05.560] [Before rendering UI] CUDA Memory - Allocated: 0.00 MB, Reserved: 0.00 MB, Peak: 0.00 MB
[11:11:05.572] [After rendering UI] CUDA Memory - Allocated: 0.00 MB, Reserved: 0.00 MB, Peak: 0.00 MB
[11:11:19.983] Using existing model manager from session state
[11:11:19.984] [After model manager initialization] CUDA Memory - Allocated: 0.00 MB, Reserved: 0.00 MB, Peak: 0.00 MB
[11:11:19.984] Using existing database manager from session state
[11:11:19.984] [Before rendering UI] CUDA Memory - Allocated: 0.00 MB, Reserved: 0.00 MB, Peak: 0.00 MB
[11:11:19.994] [After rendering UI] CUDA Memory - Allocated: 0.00 MB, Reserved: 0.00 MB, Peak: 0.00 MB
[11:11:30.982] Using existing model manager from session state
[11:11:30.984] [After model manager initialization] CUDA Memory - Allocated: 0.00 MB, Reserved: 0.00 MB, Peak: 0.00 MB
[11:11:30.985] Using existing database manager from session state
[11:11:30.986] [Before rendering UI] CUDA Memory - Allocated: 0.00 MB, Reserved: 0.00 MB, Peak: 0.00 MB
[11:11:30.988] [After rendering UI] CUDA Memory - Allocated: 0.00 MB, Reserved: 0.00 MB, Peak: 0.00 MB
[11:11:36.347] Using existing model manager from session state
[11:11:36.348] [After model manager initialization] CUDA Memory - Allocated: 0.00 MB, Reserved: 0.00 MB, Peak: 0.00 MB
[11:11:36.348] Using existing database manager from session state
[11:11:36.349] [Before rendering UI] CUDA Memory - Allocated: 0.00 MB, Reserved: 0.00 MB, Peak: 0.00 MB
[11:11:36.352] Scanning folder: C:\Users\aitor\OneDrive\Escritorio\Vector_Database_Lightroom\images
[11:11:36.354] Found 97 files with extension *.jpg
[11:11:36.355] Found 0 files with extension *.jpeg
[11:11:36.357] Found 0 files with extension *.png
[11:11:36.358] Found 0 files with extension *.bmp
[11:11:36.359] Found 0 files with extension *.gif
[11:11:36.360] Total unique images found: 97
[11:11:36.994] Image processed in 0.63 seconds
[11:11:39.526] Image processed in 0.27 seconds
[11:11:41.930] Image processed in 0.25 seconds
[11:11:44.361] Image processed in 0.30 seconds
[11:11:46.742] Image processed in 0.30 seconds
[11:11:49.014] Image processed in 0.14 seconds
[11:11:51.164] Image processed in 0.16 seconds
[11:11:53.260] Image processed in 0.25 seconds
[11:11:55.585] Image processed in 0.27 seconds
[11:11:57.880] Image processed in 0.30 seconds
[11:12:00.660] Image processed in 0.32 seconds
[11:12:02.991] Image processed in 0.27 seconds
[11:12:05.339] Image processed in 0.29 seconds
[11:12:07.865] Image processed in 0.33 seconds
[11:12:10.222] Image processed in 0.33 seconds
[11:12:12.504] Image processed in 0.25 seconds
[11:12:14.836] Image processed in 0.27 seconds
[11:12:17.296] Image processed in 0.21 seconds
[11:12:19.530] Image processed in 0.24 seconds
[11:12:21.637] Image processed in 0.25 seconds
[11:12:24.215] Image processed in 0.29 seconds
[11:12:26.684] Image processed in 0.23 seconds
[11:12:29.083] Image processed in 0.21 seconds
[11:12:31.164] Image processed in 0.24 seconds
[11:12:33.225] Image processed in 0.29 seconds
[11:12:35.528] Image processed in 0.28 seconds
[11:12:37.824] Image processed in 0.25 seconds
[11:12:39.928] Image processed in 0.26 seconds
[11:12:42.151] Image processed in 0.27 seconds
[11:12:44.471] Image processed in 0.27 seconds
[11:12:46.821] Image processed in 0.29 seconds
[11:12:49.170] Image processed in 0.25 seconds
[11:12:51.222] Image processed in 0.25 seconds
[11:12:53.510] Image processed in 0.26 seconds
[11:12:55.781] Image processed in 0.25 seconds
[11:12:57.907] Image processed in 0.25 seconds
[11:13:00.082] Image processed in 0.26 seconds
[11:13:02.196] Image processed in 0.27 seconds
[11:13:04.600] Image processed in 0.28 seconds
[11:13:06.747] Image processed in 0.28 seconds
[11:13:08.955] Image processed in 0.25 seconds
[11:13:11.273] Image processed in 0.25 seconds
[11:13:13.414] Image processed in 0.28 seconds
[11:13:15.505] Image processed in 0.25 seconds
[11:13:17.565] Image processed in 0.29 seconds
[11:13:19.693] Image processed in 0.25 seconds
[11:13:21.698] Image processed in 0.28 seconds
[11:13:24.070] Image processed in 0.27 seconds
[11:13:26.217] Image processed in 0.30 seconds
[11:13:28.447] Image processed in 0.23 seconds
[11:13:30.689] Image processed in 0.27 seconds
[11:13:32.914] Image processed in 0.28 seconds
[11:13:35.469] Image processed in 0.25 seconds
[11:13:37.956] Image processed in 0.28 seconds
[11:13:40.300] Image processed in 0.25 seconds
[11:13:42.604] Image processed in 0.25 seconds
[11:13:44.913] Image processed in 0.27 seconds
[11:13:47.272] Image processed in 0.25 seconds
[11:13:49.526] Image processed in 0.31 seconds
[11:13:51.884] Image processed in 0.44 seconds
[11:13:54.504] Image processed in 0.44 seconds
[11:13:57.477] Image processed in 0.47 seconds
[11:14:00.091] Image processed in 0.44 seconds
[11:14:02.613] Image processed in 0.36 seconds
[11:14:05.439] Image processed in 0.47 seconds
[11:14:08.267] Image processed in 0.44 seconds
[11:14:10.684] Image processed in 0.39 seconds
[11:14:13.217] Image processed in 0.36 seconds
[11:14:15.677] Image processed in 0.35 seconds
[11:14:18.112] Image processed in 0.36 seconds
[11:14:20.487] Image processed in 0.35 seconds
[11:14:23.150] Image processed in 0.32 seconds
[11:14:25.773] Image processed in 0.37 seconds
[11:14:28.176] Image processed in 0.36 seconds
[11:14:30.527] Image processed in 0.38 seconds
[11:14:33.158] Image processed in 0.38 seconds
[11:14:35.660] Image processed in 0.36 seconds
[11:14:38.155] Image processed in 0.38 seconds
[11:14:40.828] Image processed in 0.38 seconds
[11:14:43.301] Image processed in 0.37 seconds
[11:14:45.949] Image processed in 0.38 seconds
[11:14:48.455] Image processed in 0.38 seconds
[11:14:51.040] Image processed in 0.37 seconds
[11:14:53.758] Image processed in 0.36 seconds
[11:14:56.161] Image processed in 0.37 seconds
[11:14:58.856] Image processed in 0.36 seconds
[11:15:01.277] Image processed in 0.35 seconds
[11:15:03.861] Image processed in 0.38 seconds
[11:15:06.285] Image processed in 0.36 seconds
[11:15:08.936] Image processed in 0.36 seconds
[11:15:11.240] Image processed in 0.37 seconds
[11:15:13.631] Image processed in 0.36 seconds
[11:15:15.993] Image processed in 0.36 seconds
[11:15:18.393] Image processed in 0.36 seconds
[11:15:20.857] Image processed in 0.37 seconds
[11:15:23.497] Image processed in 0.36 seconds
[11:15:25.795] Image processed in 0.36 seconds
[11:15:28.164] [After rendering UI] CUDA Memory - Allocated: 0.00 MB, Reserved: 0.00 MB, Peak: 0.00 MB
[11:16:24.288] Using existing model manager from session state
[11:16:24.289] [After model manager initialization] CUDA Memory - Allocated: 0.00 MB, Reserved: 0.00 MB, Peak: 0.00 MB
[11:16:24.290] Using existing database manager from session state
[11:16:24.290] [Before rendering UI] CUDA Memory - Allocated: 0.00 MB, Reserved: 0.00 MB, Peak: 0.00 MB
[11:16:24.296] [After rendering UI] CUDA Memory - Allocated: 0.00 MB, Reserved: 0.00 MB, Peak: 0.00 MB
[11:16:24.413] Using existing model manager from session state
[11:16:24.413] [After model manager initialization] CUDA Memory - Allocated: 0.00 MB, Reserved: 0.00 MB, Peak: 0.00 MB
[11:16:24.413] Using existing database manager from session state
[11:16:24.413] [Before rendering UI] CUDA Memory - Allocated: 0.00 MB, Reserved: 0.00 MB, Peak: 0.00 MB
[11:16:25.972] [After rendering UI] CUDA Memory - Allocated: 0.00 MB, Reserved: 0.00 MB, Peak: 0.00 MB
[11:16:46.360] Using existing model manager from session state
[11:16:46.361] [After model manager initialization] CUDA Memory - Allocated: 0.00 MB, Reserved: 0.00 MB, Peak: 0.00 MB
[11:16:46.361] Using existing database manager from session state
[11:16:46.362] [Before rendering UI] CUDA Memory - Allocated: 0.00 MB, Reserved: 0.00 MB, Peak: 0.00 MB
[11:16:46.370] [After rendering UI] CUDA Memory - Allocated: 0.00 MB, Reserved: 0.00 MB, Peak: 0.00 MB
[11:17:27.824] Using existing model manager from session state
[11:17:27.825] [After model manager initialization] CUDA Memory - Allocated: 0.00 MB, Reserved: 0.00 MB, Peak: 0.00 MB
[11:17:27.826] Using existing database manager from session state
[11:17:27.827] [Before rendering UI] CUDA Memory - Allocated: 0.00 MB, Reserved: 0.00 MB, Peak: 0.00 MB
[11:17:27.833] [After rendering UI] CUDA Memory - Allocated: 0.00 MB, Reserved: 0.00 MB, Peak: 0.00 MB
[11:17:30.726] Using existing model manager from session state
[11:17:30.726] [After model manager initialization] CUDA Memory - Allocated: 0.00 MB, Reserved: 0.00 MB, Peak: 0.00 MB
[11:17:30.726] Using existing database manager from session state
[11:17:30.726] [Before rendering UI] CUDA Memory - Allocated: 0.00 MB, Reserved: 0.00 MB, Peak: 0.00 MB
[11:17:31.906] [After rendering UI] CUDA Memory - Allocated: 0.00 MB, Reserved: 0.00 MB, Peak: 0.00 MB
[11:37:20.458] Using existing model manager from session state
[11:37:20.459] [After model manager initialization] CUDA Memory - Allocated: 0.00 MB, Reserved: 0.00 MB, Peak: 0.00 MB
[11:37:20.460] Using existing database manager from session state
[11:37:20.461] [Before rendering UI] CUDA Memory - Allocated: 0.00 MB, Reserved: 0.00 MB, Peak: 0.00 MB
[11:37:20.469] [After rendering UI] CUDA Memory - Allocated: 0.00 MB, Reserved: 0.00 MB, Peak: 0.00 MB
[11:37:30.468] Using existing model manager from session state
[11:37:30.469] [After model manager initialization] CUDA Memory - Allocated: 0.00 MB, Reserved: 0.00 MB, Peak: 0.00 MB
[11:37:30.470] Using existing database manager from session state
[11:37:30.471] [Before rendering UI] CUDA Memory - Allocated: 0.00 MB, Reserved: 0.00 MB, Peak: 0.00 MB
[11:37:30.478] [After rendering UI] CUDA Memory - Allocated: 0.00 MB, Reserved: 0.00 MB, Peak: 0.00 MB
[11:37:34.060] Using existing model manager from session state
[11:37:34.060] [After model manager initialization] CUDA Memory - Allocated: 0.00 MB, Reserved: 0.00 MB, Peak: 0.00 MB
[11:37:34.060] Using existing database manager from session state
[11:37:34.067] [Before rendering UI] CUDA Memory - Allocated: 0.00 MB, Reserved: 0.00 MB, Peak: 0.00 MB
[11:37:36.132] [After rendering UI] CUDA Memory - Allocated: 0.00 MB, Reserved: 0.00 MB, Peak: 0.00 MB
[12:21:42.108] Application shutting down, cleaning up resources...
[12:21:42.217] Final GPU memory state - Allocated: 0.00 MB, Reserved: 0.00 MB
[12:21:42.217] CUDA resources cleaned up successfully
[12:21:42.217] Application shutdown complete
[12:21:42.217] Application shutting down, cleaning up resources...
[12:21:42.322] Final GPU memory state - Allocated: 0.00 MB, Reserved: 0.00 MB
[12:21:42.323] CUDA resources cleaned up successfully
[12:21:42.323] Application shutdown complete
[12:21:42.323] Application shutting down, cleaning up resources...
[12:21:42.390] Final GPU memory state - Allocated: 0.00 MB, Reserved: 0.00 MB
[12:21:42.390] CUDA resources cleaned up successfully
[12:21:42.390] Application shutdown complete
[12:21:42.390] Application shutting down, cleaning up resources...
[12:21:42.469] Final GPU memory state - Allocated: 0.00 MB, Reserved: 0.00 MB
[12:21:42.469] CUDA resources cleaned up successfully
[12:21:42.469] Application shutdown complete
[12:21:42.469] Application shutting down, cleaning up resources...
[12:21:42.563] Final GPU memory state - Allocated: 0.00 MB, Reserved: 0.00 MB
[12:21:42.563] CUDA resources cleaned up successfully
[12:21:42.563] Application shutdown complete
[12:21:42.563] Application shutting down, cleaning up resources...
[12:21:42.641] Final GPU memory state - Allocated: 0.00 MB, Reserved: 0.00 MB
[12:21:42.641] CUDA resources cleaned up successfully
[12:21:42.641] Application shutdown complete
[12:21:42.641] Application shutting down, cleaning up resources...
[12:21:42.734] Final GPU memory state - Allocated: 0.00 MB, Reserved: 0.00 MB
[12:21:42.734] CUDA resources cleaned up successfully
[12:21:42.734] Application shutdown complete
[12:21:42.734] Application shutting down, cleaning up resources...
[12:21:42.813] Final GPU memory state - Allocated: 0.00 MB, Reserved: 0.00 MB
[12:21:42.813] CUDA resources cleaned up successfully
[12:21:42.813] Application shutdown complete
[12:21:42.813] Application shutting down, cleaning up resources...
[12:21:42.906] Final GPU memory state - Allocated: 0.00 MB, Reserved: 0.00 MB
[12:21:42.906] CUDA resources cleaned up successfully
[12:21:42.906] Application shutdown complete
[12:21:42.906] Application shutting down, cleaning up resources...
[12:21:42.994] Final GPU memory state - Allocated: 0.00 MB, Reserved: 0.00 MB
[12:21:42.995] CUDA resources cleaned up successfully
[12:21:42.995] Application shutdown complete
[12:21:42.995] Application shutting down, cleaning up resources...
[12:21:43.076] Final GPU memory state - Allocated: 0.00 MB, Reserved: 0.00 MB
[12:21:43.076] CUDA resources cleaned up successfully
[12:21:43.076] Application shutdown complete
[12:21:43.076] Application shutting down, cleaning up resources...
[12:21:43.160] Final GPU memory state - Allocated: 0.00 MB, Reserved: 0.00 MB
[12:21:43.160] CUDA resources cleaned up successfully
[12:21:43.160] Application shutdown complete
