[14:58:35.712] Creating new model manager instance
[14:58:35.712] Loading CLIP model on cuda...
[14:58:35.712] Starting to load CLIP model on cuda...
[14:58:35.712] CUDA device count: 1
[14:58:35.714] Current CUDA device: 0
[14:58:35.714] Loading CLIP model with device=cuda...
[14:58:39.816] Model is loaded on: cuda:0
[14:58:39.816] CLIP model loaded in 4.10 seconds on cuda
[14:58:39.816] CLIP model loaded in 4.10 seconds
[14:58:39.816] Loading BLIP model on cuda...
[14:58:39.816] Starting to load BLIP model on cuda...
[14:58:39.816] Loading BLIP processor from Salesforce/blip-image-captioning-large...
[14:58:40.491] Loading BLIP model from Salesforce/blip-image-captioning-large...
[14:58:40.491] CUDA device count: 1
[14:58:40.491] Current CUDA device: 0
[14:58:42.147] BLIP model is loaded on: cuda:0
[14:58:42.147] BLIP model loaded successfully on cuda
[14:58:42.147] BLIP model loaded in 2.33 seconds
[14:58:42.147] [After model manager initialization] CUDA Memory - Allocated: 0.00 MB, Reserved: 0.00 MB, Peak: 0.00 MB
[14:58:42.147] Creating new database manager instance
[14:58:42.147] [Before rendering UI] CUDA Memory - Allocated: 0.00 MB, Reserved: 0.00 MB, Peak: 0.00 MB
[14:58:42.156] [After rendering UI] CUDA Memory - Allocated: 0.00 MB, Reserved: 0.00 MB, Peak: 0.00 MB
[14:59:15.977] Using existing model manager from session state
[14:59:15.978] [After model manager initialization] CUDA Memory - Allocated: 0.00 MB, Reserved: 0.00 MB, Peak: 0.00 MB
[14:59:15.979] Using existing database manager from session state
[14:59:15.980] [Before rendering UI] CUDA Memory - Allocated: 0.00 MB, Reserved: 0.00 MB, Peak: 0.00 MB
[14:59:15.983] [After rendering UI] CUDA Memory - Allocated: 0.00 MB, Reserved: 0.00 MB, Peak: 0.00 MB
[14:59:16.195] Using existing model manager from session state
[14:59:16.195] [After model manager initialization] CUDA Memory - Allocated: 0.00 MB, Reserved: 0.00 MB, Peak: 0.00 MB
[14:59:16.195] Using existing database manager from session state
[14:59:16.195] [Before rendering UI] CUDA Memory - Allocated: 0.00 MB, Reserved: 0.00 MB, Peak: 0.00 MB
[14:59:16.255] [After rendering UI] CUDA Memory - Allocated: 0.00 MB, Reserved: 0.00 MB, Peak: 0.00 MB
[14:59:19.028] Using existing model manager from session state
[14:59:19.031] [After model manager initialization] CUDA Memory - Allocated: 0.00 MB, Reserved: 0.00 MB, Peak: 0.00 MB
[14:59:19.032] Using existing database manager from session state
[14:59:19.033] [Before rendering UI] CUDA Memory - Allocated: 0.00 MB, Reserved: 0.00 MB, Peak: 0.00 MB
[14:59:19.040] [After rendering UI] CUDA Memory - Allocated: 0.00 MB, Reserved: 0.00 MB, Peak: 0.00 MB
[14:59:41.959] Using existing model manager from session state
[14:59:41.966] [After model manager initialization] CUDA Memory - Allocated: 0.00 MB, Reserved: 0.00 MB, Peak: 0.00 MB
[14:59:41.966] Using existing database manager from session state
[14:59:41.967] [Before rendering UI] CUDA Memory - Allocated: 0.00 MB, Reserved: 0.00 MB, Peak: 0.00 MB
[14:59:41.974] [After rendering UI] CUDA Memory - Allocated: 0.00 MB, Reserved: 0.00 MB, Peak: 0.00 MB
[14:59:44.995] Using existing model manager from session state
[14:59:44.995] [After model manager initialization] CUDA Memory - Allocated: 0.00 MB, Reserved: 0.00 MB, Peak: 0.00 MB
[14:59:44.995] Using existing database manager from session state
[14:59:45.004] [Before rendering UI] CUDA Memory - Allocated: 0.00 MB, Reserved: 0.00 MB, Peak: 0.00 MB
[14:59:45.016] [After rendering UI] CUDA Memory - Allocated: 0.00 MB, Reserved: 0.00 MB, Peak: 0.00 MB
[14:59:46.688] Using existing model manager from session state
[14:59:46.689] [After model manager initialization] CUDA Memory - Allocated: 0.00 MB, Reserved: 0.00 MB, Peak: 0.00 MB
[14:59:46.689] Using existing database manager from session state
[14:59:46.690] [Before rendering UI] CUDA Memory - Allocated: 0.00 MB, Reserved: 0.00 MB, Peak: 0.00 MB
[14:59:46.695] [After rendering UI] CUDA Memory - Allocated: 0.00 MB, Reserved: 0.00 MB, Peak: 0.00 MB
[14:59:48.120] Using existing model manager from session state
[14:59:48.121] [After model manager initialization] CUDA Memory - Allocated: 0.00 MB, Reserved: 0.00 MB, Peak: 0.00 MB
[14:59:48.122] Using existing database manager from session state
[14:59:48.123] [Before rendering UI] CUDA Memory - Allocated: 0.00 MB, Reserved: 0.00 MB, Peak: 0.00 MB
[14:59:48.127] [After rendering UI] CUDA Memory - Allocated: 0.00 MB, Reserved: 0.00 MB, Peak: 0.00 MB
[14:59:51.382] Using existing model manager from session state
[14:59:51.382] [After model manager initialization] CUDA Memory - Allocated: 0.00 MB, Reserved: 0.00 MB, Peak: 0.00 MB
[14:59:51.382] Using existing database manager from session state
[14:59:51.382] [Before rendering UI] CUDA Memory - Allocated: 0.00 MB, Reserved: 0.00 MB, Peak: 0.00 MB
[14:59:51.394] [After rendering UI] CUDA Memory - Allocated: 0.00 MB, Reserved: 0.00 MB, Peak: 0.00 MB
[14:59:54.555] Using existing model manager from session state
[14:59:54.556] [After model manager initialization] CUDA Memory - Allocated: 0.00 MB, Reserved: 0.00 MB, Peak: 0.00 MB
[14:59:54.557] Using existing database manager from session state
[14:59:54.558] [Before rendering UI] CUDA Memory - Allocated: 0.00 MB, Reserved: 0.00 MB, Peak: 0.00 MB
[14:59:56.440] [After rendering UI] CUDA Memory - Allocated: 0.00 MB, Reserved: 0.00 MB, Peak: 0.00 MB
[15:01:17.414] Using existing model manager from session state
[15:01:17.414] [After model manager initialization] CUDA Memory - Allocated: 0.00 MB, Reserved: 0.00 MB, Peak: 0.00 MB
[15:01:17.414] Using existing database manager from session state
[15:01:17.414] [Before rendering UI] CUDA Memory - Allocated: 0.00 MB, Reserved: 0.00 MB, Peak: 0.00 MB
[15:01:17.438] [After rendering UI] CUDA Memory - Allocated: 0.00 MB, Reserved: 0.00 MB, Peak: 0.00 MB
[15:01:39.815] Using existing model manager from session state
[15:01:39.817] [After model manager initialization] CUDA Memory - Allocated: 0.00 MB, Reserved: 0.00 MB, Peak: 0.00 MB
[15:01:39.819] Using existing database manager from session state
[15:01:39.820] [Before rendering UI] CUDA Memory - Allocated: 0.00 MB, Reserved: 0.00 MB, Peak: 0.00 MB
[15:01:39.996] [After rendering UI] CUDA Memory - Allocated: 0.00 MB, Reserved: 0.00 MB, Peak: 0.00 MB
[15:01:47.253] Using existing model manager from session state
[15:01:47.254] [After model manager initialization] CUDA Memory - Allocated: 0.00 MB, Reserved: 0.00 MB, Peak: 0.00 MB
[15:01:47.255] Using existing database manager from session state
[15:01:47.255] [Before rendering UI] CUDA Memory - Allocated: 0.00 MB, Reserved: 0.00 MB, Peak: 0.00 MB
[15:01:49.192] [After rendering UI] CUDA Memory - Allocated: 0.00 MB, Reserved: 0.00 MB, Peak: 0.00 MB
[15:02:45.623] Using existing model manager from session state
[15:02:45.628] [After model manager initialization] CUDA Memory - Allocated: 0.00 MB, Reserved: 0.00 MB, Peak: 0.00 MB
[15:02:45.630] Using existing database manager from session state
[15:02:45.630] [Before rendering UI] CUDA Memory - Allocated: 0.00 MB, Reserved: 0.00 MB, Peak: 0.00 MB
[15:02:45.799] [After rendering UI] CUDA Memory - Allocated: 0.00 MB, Reserved: 0.00 MB, Peak: 0.00 MB
[15:08:31.172] Creating new model manager instance
[15:08:31.172] Loading CLIP model on cuda...
[15:08:31.174] CLIP model loaded in 0.00 seconds
[15:08:31.174] Loading BLIP model on cuda...
[15:08:31.175] BLIP model loaded in 0.00 seconds
[15:08:31.176] [After model manager initialization] CUDA Memory - Allocated: 0.00 MB, Reserved: 0.00 MB, Peak: 0.00 MB
[15:08:31.176] Creating new database manager instance
[15:08:31.179] [Before rendering UI] CUDA Memory - Allocated: 0.00 MB, Reserved: 0.00 MB, Peak: 0.00 MB
[15:08:31.186] [After rendering UI] CUDA Memory - Allocated: 0.00 MB, Reserved: 0.00 MB, Peak: 0.00 MB
[15:08:42.239] Using existing model manager from session state
[15:08:42.240] [After model manager initialization] CUDA Memory - Allocated: 0.00 MB, Reserved: 0.00 MB, Peak: 0.00 MB
[15:08:42.241] Using existing database manager from session state
[15:08:42.241] [Before rendering UI] CUDA Memory - Allocated: 0.00 MB, Reserved: 0.00 MB, Peak: 0.00 MB
[15:08:42.244] [After rendering UI] CUDA Memory - Allocated: 0.00 MB, Reserved: 0.00 MB, Peak: 0.00 MB
[15:08:42.448] Using existing model manager from session state
[15:08:42.448] [After model manager initialization] CUDA Memory - Allocated: 0.00 MB, Reserved: 0.00 MB, Peak: 0.00 MB
[15:08:42.448] Using existing database manager from session state
[15:08:42.448] [Before rendering UI] CUDA Memory - Allocated: 0.00 MB, Reserved: 0.00 MB, Peak: 0.00 MB
[15:08:42.457] Scanning folder: C:\Users\aitor\OneDrive\Escritorio\Vector_Database_Lightroom\images
[15:08:42.457] Found 97 files with extension *.jpg
[15:08:42.457] Found 0 files with extension *.jpeg
[15:08:42.465] Found 0 files with extension *.png
[15:08:42.466] Found 0 files with extension *.bmp
[15:08:42.468] Found 0 files with extension *.gif
[15:08:42.468] Total unique images found: 97
[15:08:42.851] Image processed in 0.38 seconds
[15:08:45.245] Image processed in 0.29 seconds
[15:08:47.717] Image processed in 0.26 seconds
[15:08:50.099] Image processed in 0.29 seconds
[15:08:52.429] Image processed in 0.31 seconds
[15:08:54.676] Image processed in 0.15 seconds
[15:08:56.757] Image processed in 0.16 seconds
[15:08:58.714] Image processed in 0.26 seconds
[15:09:01.150] Image processed in 0.26 seconds
[15:09:03.464] Image processed in 0.30 seconds
[15:09:06.214] Image processed in 0.32 seconds
[15:09:08.502] Image processed in 0.27 seconds
[15:09:10.733] Image processed in 0.29 seconds
[15:09:13.186] Image processed in 0.30 seconds
[15:09:15.545] Image processed in 0.34 seconds
[15:09:17.951] Image processed in 0.25 seconds
[15:09:20.277] Image processed in 0.27 seconds
[15:09:22.720] Image processed in 0.20 seconds
[15:09:24.979] Image processed in 0.24 seconds
[15:09:27.133] Image processed in 0.31 seconds
[15:09:29.905] Image processed in 0.32 seconds
[15:09:32.478] Image processed in 0.24 seconds
[15:09:34.825] Image processed in 0.22 seconds
[15:09:36.840] Image processed in 0.25 seconds
[15:09:38.871] Image processed in 0.30 seconds
[15:09:41.202] Image processed in 0.28 seconds
[15:09:43.629] Image processed in 0.27 seconds
[15:09:45.827] Image processed in 0.29 seconds
[15:09:48.261] Image processed in 0.28 seconds
[15:09:50.568] Image processed in 0.27 seconds
[15:09:52.925] Image processed in 0.30 seconds
[15:09:55.238] Image processed in 0.28 seconds
[15:09:57.252] Image processed in 0.25 seconds
[15:09:59.523] Image processed in 0.27 seconds
[15:10:01.866] Image processed in 0.31 seconds
[15:10:04.094] Image processed in 0.27 seconds
[15:10:06.409] Image processed in 0.27 seconds
[15:10:08.715] Image processed in 0.27 seconds
[15:10:11.245] Image processed in 0.28 seconds
[15:10:13.493] Image processed in 0.29 seconds
[15:10:15.907] Image processed in 0.28 seconds
[15:10:18.296] Image processed in 0.27 seconds
[15:10:20.559] Image processed in 0.31 seconds
[15:10:22.808] Image processed in 0.28 seconds
[15:10:25.013] Image processed in 0.28 seconds
[15:10:27.309] Image processed in 0.27 seconds
[15:10:29.400] Image processed in 0.29 seconds
[15:10:31.798] Image processed in 0.29 seconds
[15:10:33.889] Image processed in 0.30 seconds
[15:10:36.101] Image processed in 0.23 seconds
[15:10:38.297] Image processed in 0.28 seconds
[15:10:40.563] Image processed in 0.30 seconds
[15:10:43.236] Image processed in 0.27 seconds
[15:10:45.793] Image processed in 0.30 seconds
[15:10:48.239] Image processed in 0.26 seconds
[15:10:50.603] Image processed in 0.26 seconds
[15:10:52.951] Image processed in 0.26 seconds
[15:10:55.322] Image processed in 0.26 seconds
[15:10:57.663] Image processed in 0.32 seconds
[15:10:59.991] Image processed in 0.45 seconds
[15:11:02.511] Image processed in 0.44 seconds
[15:11:05.318] Image processed in 0.45 seconds
[15:11:07.809] Image processed in 0.44 seconds
[15:11:10.257] Image processed in 0.38 seconds
[15:11:12.913] Image processed in 0.44 seconds
[15:11:15.691] Image processed in 0.43 seconds
[15:11:18.060] Image processed in 0.39 seconds
[15:11:20.540] Image processed in 0.37 seconds
[15:11:22.947] Image processed in 0.35 seconds
[15:11:25.390] Image processed in 0.38 seconds
[15:11:27.758] Image processed in 0.36 seconds
[15:11:30.439] Image processed in 0.32 seconds
[15:11:33.101] Image processed in 0.39 seconds
[15:11:35.569] Image processed in 0.38 seconds
[15:11:37.867] Image processed in 0.41 seconds
[15:11:40.469] Image processed in 0.38 seconds
[15:11:42.917] Image processed in 0.39 seconds
[15:11:45.347] Image processed in 0.39 seconds
[15:11:47.903] Image processed in 0.36 seconds
[15:11:50.363] Image processed in 0.38 seconds
[15:11:53.044] Image processed in 0.37 seconds
[15:11:55.608] Image processed in 0.39 seconds
[15:11:58.476] Image processed in 0.42 seconds
[15:12:01.585] Image processed in 0.45 seconds
[15:12:04.283] Image processed in 0.40 seconds
[15:12:07.338] Image processed in 0.41 seconds
[15:12:09.977] Image processed in 0.37 seconds
[15:12:12.599] Image processed in 0.39 seconds
[15:12:15.017] Image processed in 0.38 seconds
[15:12:17.607] Image processed in 0.37 seconds
[15:12:19.872] Image processed in 0.39 seconds
[15:12:22.238] Image processed in 0.37 seconds
[15:12:24.653] Image processed in 0.37 seconds
[15:12:27.141] Image processed in 0.37 seconds
[15:12:29.730] Image processed in 0.38 seconds
[15:12:32.461] Image processed in 0.38 seconds
[15:12:34.880] Image processed in 0.38 seconds
[15:12:37.288] [After rendering UI] CUDA Memory - Allocated: 0.00 MB, Reserved: 0.00 MB, Peak: 0.00 MB
[15:13:18.436] Using existing model manager from session state
[15:13:18.437] [After model manager initialization] CUDA Memory - Allocated: 0.00 MB, Reserved: 0.00 MB, Peak: 0.00 MB
[15:13:18.437] Using existing database manager from session state
[15:13:18.438] [Before rendering UI] CUDA Memory - Allocated: 0.00 MB, Reserved: 0.00 MB, Peak: 0.00 MB
[15:13:18.446] [After rendering UI] CUDA Memory - Allocated: 0.00 MB, Reserved: 0.00 MB, Peak: 0.00 MB
[15:13:18.645] Using existing model manager from session state
[15:13:18.645] [After model manager initialization] CUDA Memory - Allocated: 0.00 MB, Reserved: 0.00 MB, Peak: 0.00 MB
[15:13:18.645] Using existing database manager from session state
[15:13:18.645] [Before rendering UI] CUDA Memory - Allocated: 0.00 MB, Reserved: 0.00 MB, Peak: 0.00 MB
[15:13:20.227] [After rendering UI] CUDA Memory - Allocated: 0.00 MB, Reserved: 0.00 MB, Peak: 0.00 MB
[15:13:56.937] Using existing model manager from session state
[15:13:56.945] [After model manager initialization] CUDA Memory - Allocated: 0.00 MB, Reserved: 0.00 MB, Peak: 0.00 MB
[15:13:56.946] Using existing database manager from session state
[15:13:56.947] [Before rendering UI] CUDA Memory - Allocated: 0.00 MB, Reserved: 0.00 MB, Peak: 0.00 MB
[15:13:56.960] [After rendering UI] CUDA Memory - Allocated: 0.00 MB, Reserved: 0.00 MB, Peak: 0.00 MB
[15:14:11.444] Using existing model manager from session state
[15:14:11.444] [After model manager initialization] CUDA Memory - Allocated: 0.00 MB, Reserved: 0.00 MB, Peak: 0.00 MB
[15:14:11.444] Using existing database manager from session state
[15:14:11.444] [Before rendering UI] CUDA Memory - Allocated: 0.00 MB, Reserved: 0.00 MB, Peak: 0.00 MB
[15:14:11.627] [After rendering UI] CUDA Memory - Allocated: 0.00 MB, Reserved: 0.00 MB, Peak: 0.00 MB
[15:14:15.988] Using existing model manager from session state
[15:14:15.989] [After model manager initialization] CUDA Memory - Allocated: 0.00 MB, Reserved: 0.00 MB, Peak: 0.00 MB
[15:14:15.990] Using existing database manager from session state
[15:14:15.991] [Before rendering UI] CUDA Memory - Allocated: 0.00 MB, Reserved: 0.00 MB, Peak: 0.00 MB
[15:14:17.667] [After rendering UI] CUDA Memory - Allocated: 0.00 MB, Reserved: 0.00 MB, Peak: 0.00 MB
[15:15:03.447] Using existing model manager from session state
[15:15:03.448] [After model manager initialization] CUDA Memory - Allocated: 0.00 MB, Reserved: 0.00 MB, Peak: 0.00 MB
[15:15:03.449] Using existing database manager from session state
[15:15:03.450] [Before rendering UI] CUDA Memory - Allocated: 0.00 MB, Reserved: 0.00 MB, Peak: 0.00 MB
[15:15:03.627] [After rendering UI] CUDA Memory - Allocated: 0.00 MB, Reserved: 0.00 MB, Peak: 0.00 MB
[15:15:09.312] Using existing model manager from session state
[15:15:09.313] [After model manager initialization] CUDA Memory - Allocated: 0.00 MB, Reserved: 0.00 MB, Peak: 0.00 MB
[15:15:09.313] Using existing database manager from session state
[15:15:09.314] [Before rendering UI] CUDA Memory - Allocated: 0.00 MB, Reserved: 0.00 MB, Peak: 0.00 MB
[15:15:11.423] [After rendering UI] CUDA Memory - Allocated: 0.00 MB, Reserved: 0.00 MB, Peak: 0.00 MB
[15:15:58.286] Using existing model manager from session state
[15:15:58.287] [After model manager initialization] CUDA Memory - Allocated: 0.00 MB, Reserved: 0.00 MB, Peak: 0.00 MB
[15:15:58.287] Using existing database manager from session state
[15:15:58.288] [Before rendering UI] CUDA Memory - Allocated: 0.00 MB, Reserved: 0.00 MB, Peak: 0.00 MB
[15:15:58.446] Application error: module 'streamlit' has no attribute 'experimental_rerun'
Traceback (most recent call last):
  File "C:\Users\aitor\OneDrive\Escritorio\Vibe Coding\app.py", line 161, in main
    try:
  File "C:\Users\aitor\OneDrive\Escritorio\Vibe Coding\ui\main_interface.py", line 21, in render_main_interface
  File "C:\Users\aitor\OneDrive\Escritorio\Vibe Coding\ui\main_interface.py", line 114, in render_main_content
    # This is a workaround to detect tab changes
  File "C:\Users\aitor\OneDrive\Escritorio\Vibe Coding\ui\tabs.py", line 253, in render_guessing_game_tab
    """
AttributeError: module 'streamlit' has no attribute 'experimental_rerun'
[15:16:02.421] Using existing model manager from session state
[15:16:02.421] [After model manager initialization] CUDA Memory - Allocated: 0.00 MB, Reserved: 0.00 MB, Peak: 0.00 MB
[15:16:02.421] Using existing database manager from session state
[15:16:02.428] [Before rendering UI] CUDA Memory - Allocated: 0.00 MB, Reserved: 0.00 MB, Peak: 0.00 MB
[15:16:02.847] [After rendering UI] CUDA Memory - Allocated: 0.00 MB, Reserved: 0.00 MB, Peak: 0.00 MB
[15:16:24.865] Using existing model manager from session state
[15:16:24.866] [After model manager initialization] CUDA Memory - Allocated: 0.00 MB, Reserved: 0.00 MB, Peak: 0.00 MB
[15:16:24.867] Using existing database manager from session state
[15:16:24.868] [Before rendering UI] CUDA Memory - Allocated: 0.00 MB, Reserved: 0.00 MB, Peak: 0.00 MB
[15:16:25.072] Using existing model manager from session state
[15:16:25.072] [After model manager initialization] CUDA Memory - Allocated: 0.00 MB, Reserved: 0.00 MB, Peak: 0.00 MB
[15:16:25.072] Using existing database manager from session state
[15:16:25.079] [Before rendering UI] CUDA Memory - Allocated: 0.00 MB, Reserved: 0.00 MB, Peak: 0.00 MB
[15:16:28.992] [After rendering UI] CUDA Memory - Allocated: 0.00 MB, Reserved: 0.00 MB, Peak: 0.00 MB
[15:17:14.084] Application shutting down, cleaning up resources...
[15:17:14.176] Final GPU memory state - Allocated: 0.00 MB, Reserved: 0.00 MB
[15:17:14.176] CUDA resources cleaned up successfully
[15:17:14.176] Application shutdown complete
[15:17:14.176] Application shutting down, cleaning up resources...
[15:17:14.260] Final GPU memory state - Allocated: 0.00 MB, Reserved: 0.00 MB
[15:17:14.260] CUDA resources cleaned up successfully
[15:17:14.260] Application shutdown complete
[15:17:14.260] Application shutting down, cleaning up resources...
[15:17:14.335] Final GPU memory state - Allocated: 0.00 MB, Reserved: 0.00 MB
[15:17:14.335] CUDA resources cleaned up successfully
[15:17:14.335] Application shutdown complete
[15:17:14.335] Application shutting down, cleaning up resources...
[15:17:14.426] Final GPU memory state - Allocated: 0.00 MB, Reserved: 0.00 MB
[15:17:14.427] CUDA resources cleaned up successfully
[15:17:14.427] Application shutdown complete
[15:17:14.427] Application shutting down, cleaning up resources...
[15:17:14.494] Final GPU memory state - Allocated: 0.00 MB, Reserved: 0.00 MB
[15:17:14.494] CUDA resources cleaned up successfully
[15:17:14.494] Application shutdown complete
[15:17:14.494] Application shutting down, cleaning up resources...
[15:17:14.577] Final GPU memory state - Allocated: 0.00 MB, Reserved: 0.00 MB
[15:17:14.577] CUDA resources cleaned up successfully
[15:17:14.577] Application shutdown complete
[15:17:14.577] Application shutting down, cleaning up resources...
[15:17:14.660] Final GPU memory state - Allocated: 0.00 MB, Reserved: 0.00 MB
[15:17:14.660] CUDA resources cleaned up successfully
[15:17:14.660] Application shutdown complete
[15:17:14.660] Application shutting down, cleaning up resources...
[15:17:14.742] Final GPU memory state - Allocated: 0.00 MB, Reserved: 0.00 MB
[15:17:14.742] CUDA resources cleaned up successfully
[15:17:14.742] Application shutdown complete
[15:17:14.742] Application shutting down, cleaning up resources...
[15:17:14.818] Final GPU memory state - Allocated: 0.00 MB, Reserved: 0.00 MB
[15:17:14.818] CUDA resources cleaned up successfully
[15:17:14.818] Application shutdown complete
[15:17:14.818] Application shutting down, cleaning up resources...
[15:17:14.900] Final GPU memory state - Allocated: 0.00 MB, Reserved: 0.00 MB
[15:17:14.900] CUDA resources cleaned up successfully
[15:17:14.900] Application shutdown complete
[15:17:14.900] Application shutting down, cleaning up resources...
[15:17:14.990] Final GPU memory state - Allocated: 0.00 MB, Reserved: 0.00 MB
[15:17:14.990] CUDA resources cleaned up successfully
[15:17:14.991] Application shutdown complete
[15:17:14.991] Application shutting down, cleaning up resources...
[15:17:15.068] Final GPU memory state - Allocated: 0.00 MB, Reserved: 0.00 MB
[15:17:15.068] CUDA resources cleaned up successfully
[15:17:15.068] Application shutdown complete
[15:17:15.068] Application shutting down, cleaning up resources...
[15:17:15.150] Final GPU memory state - Allocated: 0.00 MB, Reserved: 0.00 MB
[15:17:15.150] CUDA resources cleaned up successfully
[15:17:15.150] Application shutdown complete
[15:17:15.150] Application shutting down, cleaning up resources...
[15:17:15.226] Final GPU memory state - Allocated: 0.00 MB, Reserved: 0.00 MB
[15:17:15.226] CUDA resources cleaned up successfully
[15:17:15.226] Application shutdown complete
[15:17:15.226] Application shutting down, cleaning up resources...
[15:17:15.301] Final GPU memory state - Allocated: 0.00 MB, Reserved: 0.00 MB
[15:17:15.301] CUDA resources cleaned up successfully
[15:17:15.301] Application shutdown complete
[15:17:15.301] Application shutting down, cleaning up resources...
[15:17:15.384] Final GPU memory state - Allocated: 0.00 MB, Reserved: 0.00 MB
[15:17:15.384] CUDA resources cleaned up successfully
[15:17:15.384] Application shutdown complete
[15:17:15.384] Application shutting down, cleaning up resources...
[15:17:15.459] Final GPU memory state - Allocated: 0.00 MB, Reserved: 0.00 MB
[15:17:15.459] CUDA resources cleaned up successfully
[15:17:15.459] Application shutdown complete
[15:17:15.459] Application shutting down, cleaning up resources...
[15:17:15.549] Final GPU memory state - Allocated: 0.00 MB, Reserved: 0.00 MB
[15:17:15.549] CUDA resources cleaned up successfully
[15:17:15.549] Application shutdown complete
[15:17:15.550] Application shutting down, cleaning up resources...
[15:17:15.617] Final GPU memory state - Allocated: 0.00 MB, Reserved: 0.00 MB
[15:17:15.617] CUDA resources cleaned up successfully
[15:17:15.617] Application shutdown complete
[15:17:15.617] Application shutting down, cleaning up resources...
[15:17:15.700] Final GPU memory state - Allocated: 0.00 MB, Reserved: 0.00 MB
[15:17:15.700] CUDA resources cleaned up successfully
[15:17:15.700] Application shutdown complete
[15:17:15.700] Application shutting down, cleaning up resources...
[15:17:15.784] Final GPU memory state - Allocated: 0.00 MB, Reserved: 0.00 MB
[15:17:15.784] CUDA resources cleaned up successfully
[15:17:15.784] Application shutdown complete
[15:17:15.784] Application shutting down, cleaning up resources...
[15:17:15.866] Final GPU memory state - Allocated: 0.00 MB, Reserved: 0.00 MB
[15:17:15.866] CUDA resources cleaned up successfully
[15:17:15.866] Application shutdown complete
[15:17:15.866] Application shutting down, cleaning up resources...
[15:17:15.957] Final GPU memory state - Allocated: 0.00 MB, Reserved: 0.00 MB
[15:17:15.957] CUDA resources cleaned up successfully
[15:17:15.957] Application shutdown complete
[15:17:15.958] Application shutting down, cleaning up resources...
[15:17:16.033] Final GPU memory state - Allocated: 0.00 MB, Reserved: 0.00 MB
[15:17:16.033] CUDA resources cleaned up successfully
[15:17:16.033] Application shutdown complete
[15:17:16.033] Application shutting down, cleaning up resources...
[15:17:16.109] Final GPU memory state - Allocated: 0.00 MB, Reserved: 0.00 MB
[15:17:16.109] CUDA resources cleaned up successfully
[15:17:16.109] Application shutdown complete
[15:17:16.109] Application shutting down, cleaning up resources...
[15:17:16.191] Final GPU memory state - Allocated: 0.00 MB, Reserved: 0.00 MB
[15:17:16.191] CUDA resources cleaned up successfully
[15:17:16.191] Application shutdown complete
[15:17:16.191] Application shutting down, cleaning up resources...
[15:17:16.284] Final GPU memory state - Allocated: 0.00 MB, Reserved: 0.00 MB
[15:17:16.284] CUDA resources cleaned up successfully
[15:17:16.284] Application shutdown complete
[15:17:16.284] Application shutting down, cleaning up resources...
[15:17:16.350] Final GPU memory state - Allocated: 0.00 MB, Reserved: 0.00 MB
[15:17:16.350] CUDA resources cleaned up successfully
[15:17:16.350] Application shutdown complete
